2021-12-28 10:43:49,999 INFO org.springframework.boot.StartupInfoLogger [main] Starting OliveApplication using Java 17.0.1 on Seans-MBP with PID 15233 (/Users/sean/Desktop/OOP/olive/target/classes started by sean in /Users/sean/Desktop/OOP/olive)
2021-12-28 10:43:50,001 DEBUG org.springframework.boot.StartupInfoLogger [main] Running with Spring Boot v2.5.4, Spring v5.3.9
2021-12-28 10:43:50,001 INFO org.springframework.boot.SpringApplication [main] No active profile set, falling back to default profiles: default
2021-12-28 10:43:50,209 INFO org.springframework.data.repository.config.RepositoryConfigurationDelegate [main] Bootstrapping Spring Data MongoDB repositories in DEFAULT mode.
2021-12-28 10:43:50,231 INFO org.springframework.data.repository.config.RepositoryConfigurationDelegate [main] Finished Spring Data repository scanning in 19 ms. Found 2 MongoDB repository interfaces.
2021-12-28 10:43:50,478 INFO org.springframework.boot.web.embedded.tomcat.TomcatWebServer [main] Tomcat initialized with port(s): 8080 (http)
2021-12-28 10:43:50,483 INFO org.apache.juli.logging.DirectJDKLog [main] Initializing ProtocolHandler ["http-nio-8080"]
2021-12-28 10:43:50,483 INFO org.apache.juli.logging.DirectJDKLog [main] Starting service [Tomcat]
2021-12-28 10:43:50,483 INFO org.apache.juli.logging.DirectJDKLog [main] Starting Servlet engine: [Apache Tomcat/9.0.52]
2021-12-28 10:43:50,532 INFO org.apache.juli.logging.DirectJDKLog [main] Initializing Spring embedded WebApplicationContext
2021-12-28 10:43:50,532 INFO org.springframework.boot.web.servlet.context.ServletWebServerApplicationContext [main] Root WebApplicationContext: initialization completed in 504 ms
2021-12-28 10:43:50,667 INFO com.mongodb.diagnostics.logging.SLF4JLogger [main] Cluster created with settings {hosts=[127.0.0.1:27017], srvHost=olive.zxci7.mongodb.net, mode=MULTIPLE, requiredClusterType=REPLICA_SET, serverSelectionTimeout='30000 ms', requiredReplicaSetName='atlas-ili6hr-shard-0'}
2021-12-28 10:43:50,711 INFO com.mongodb.diagnostics.logging.SLF4JLogger [cluster-ClusterId{value='61ca79e68a470b322aa8a94c', description='null'}-srv-olive.zxci7.mongodb.net] Adding discovered server olive-shard-00-00.zxci7.mongodb.net:27017 to client view of cluster
2021-12-28 10:43:50,722 INFO com.mongodb.diagnostics.logging.SLF4JLogger [cluster-ClusterId{value='61ca79e68a470b322aa8a94c', description='null'}-srv-olive.zxci7.mongodb.net] Adding discovered server olive-shard-00-01.zxci7.mongodb.net:27017 to client view of cluster
2021-12-28 10:43:50,723 INFO com.mongodb.diagnostics.logging.SLF4JLogger [cluster-ClusterId{value='61ca79e68a470b322aa8a94c', description='null'}-srv-olive.zxci7.mongodb.net] Adding discovered server olive-shard-00-02.zxci7.mongodb.net:27017 to client view of cluster
2021-12-28 10:43:50,951 INFO org.apache.juli.logging.DirectJDKLog [main] Starting ProtocolHandler ["http-nio-8080"]
2021-12-28 10:43:50,958 INFO org.springframework.boot.web.embedded.tomcat.TomcatWebServer [main] Tomcat started on port(s): 8080 (http) with context path ''
2021-12-28 10:43:50,964 INFO org.springframework.boot.StartupInfoLogger [main] Started OliveApplication in 1.2 seconds (JVM running for 1.379)
2021-12-28 10:43:51,009 INFO com.mongodb.diagnostics.logging.SLF4JLogger [cluster-ClusterId{value='61ca79e68a470b322aa8a94c', description='null'}-olive-shard-00-00.zxci7.mongodb.net:27017] Opened connection [connectionId{localValue:1, serverValue:775071}] to olive-shard-00-00.zxci7.mongodb.net:27017
2021-12-28 10:43:51,009 INFO com.mongodb.diagnostics.logging.SLF4JLogger [cluster-rtt-ClusterId{value='61ca79e68a470b322aa8a94c', description='null'}-olive-shard-00-00.zxci7.mongodb.net:27017] Opened connection [connectionId{localValue:3, serverValue:775069}] to olive-shard-00-00.zxci7.mongodb.net:27017
2021-12-28 10:43:51,009 INFO com.mongodb.diagnostics.logging.SLF4JLogger [cluster-rtt-ClusterId{value='61ca79e68a470b322aa8a94c', description='null'}-olive-shard-00-01.zxci7.mongodb.net:27017] Opened connection [connectionId{localValue:4, serverValue:798638}] to olive-shard-00-01.zxci7.mongodb.net:27017
2021-12-28 10:43:51,009 INFO com.mongodb.diagnostics.logging.SLF4JLogger [cluster-rtt-ClusterId{value='61ca79e68a470b322aa8a94c', description='null'}-olive-shard-00-02.zxci7.mongodb.net:27017] Opened connection [connectionId{localValue:5, serverValue:772796}] to olive-shard-00-02.zxci7.mongodb.net:27017
2021-12-28 10:43:51,009 INFO com.mongodb.diagnostics.logging.SLF4JLogger [cluster-ClusterId{value='61ca79e68a470b322aa8a94c', description='null'}-olive-shard-00-02.zxci7.mongodb.net:27017] Opened connection [connectionId{localValue:2, serverValue:772794}] to olive-shard-00-02.zxci7.mongodb.net:27017
2021-12-28 10:43:51,009 INFO com.mongodb.diagnostics.logging.SLF4JLogger [cluster-ClusterId{value='61ca79e68a470b322aa8a94c', description='null'}-olive-shard-00-01.zxci7.mongodb.net:27017] Opened connection [connectionId{localValue:6, serverValue:798638}] to olive-shard-00-01.zxci7.mongodb.net:27017
2021-12-28 10:43:51,010 INFO com.mongodb.diagnostics.logging.SLF4JLogger [cluster-ClusterId{value='61ca79e68a470b322aa8a94c', description='null'}-olive-shard-00-01.zxci7.mongodb.net:27017] Monitor thread successfully connected to server with description ServerDescription{address=olive-shard-00-01.zxci7.mongodb.net:27017, type=REPLICA_SET_PRIMARY, state=CONNECTED, ok=true, minWireVersion=0, maxWireVersion=9, maxDocumentSize=16777216, logicalSessionTimeoutMinutes=30, roundTripTimeNanos=105180875, setName='atlas-ili6hr-shard-0', canonicalAddress=olive-shard-00-01.zxci7.mongodb.net:27017, hosts=[olive-shard-00-01.zxci7.mongodb.net:27017, olive-shard-00-02.zxci7.mongodb.net:27017, olive-shard-00-00.zxci7.mongodb.net:27017], passives=[], arbiters=[], primary='olive-shard-00-01.zxci7.mongodb.net:27017', tagSet=TagSet{[Tag{name='nodeType', value='ELECTABLE'}, Tag{name='provider', value='AWS'}, Tag{name='region', value='AP_SOUTHEAST_1'}, Tag{name='workloadType', value='OPERATIONAL'}]}, electionId=7fffffff000000000000006b, setVersion=7, topologyVersion=TopologyVersion{processId=61b3a5b4a6796829c189800a, counter=6}, lastWriteDate=Tue Dec 28 10:43:50 SGT 2021, lastUpdateTimeNanos=347276505828625}
2021-12-28 10:43:51,010 INFO com.mongodb.diagnostics.logging.SLF4JLogger [cluster-ClusterId{value='61ca79e68a470b322aa8a94c', description='null'}-olive-shard-00-00.zxci7.mongodb.net:27017] Monitor thread successfully connected to server with description ServerDescription{address=olive-shard-00-00.zxci7.mongodb.net:27017, type=REPLICA_SET_SECONDARY, state=CONNECTED, ok=true, minWireVersion=0, maxWireVersion=9, maxDocumentSize=16777216, logicalSessionTimeoutMinutes=30, roundTripTimeNanos=105004333, setName='atlas-ili6hr-shard-0', canonicalAddress=olive-shard-00-00.zxci7.mongodb.net:27017, hosts=[olive-shard-00-01.zxci7.mongodb.net:27017, olive-shard-00-02.zxci7.mongodb.net:27017, olive-shard-00-00.zxci7.mongodb.net:27017], passives=[], arbiters=[], primary='olive-shard-00-01.zxci7.mongodb.net:27017', tagSet=TagSet{[Tag{name='nodeType', value='ELECTABLE'}, Tag{name='provider', value='AWS'}, Tag{name='region', value='AP_SOUTHEAST_1'}, Tag{name='workloadType', value='OPERATIONAL'}]}, electionId=null, setVersion=7, topologyVersion=TopologyVersion{processId=61b3a4a629c99de88ef425e4, counter=4}, lastWriteDate=Tue Dec 28 10:43:50 SGT 2021, lastUpdateTimeNanos=347276505828625}
2021-12-28 10:43:51,011 INFO com.mongodb.diagnostics.logging.SLF4JLogger [cluster-ClusterId{value='61ca79e68a470b322aa8a94c', description='null'}-olive-shard-00-02.zxci7.mongodb.net:27017] Monitor thread successfully connected to server with description ServerDescription{address=olive-shard-00-02.zxci7.mongodb.net:27017, type=REPLICA_SET_SECONDARY, state=CONNECTED, ok=true, minWireVersion=0, maxWireVersion=9, maxDocumentSize=16777216, logicalSessionTimeoutMinutes=30, roundTripTimeNanos=105136625, setName='atlas-ili6hr-shard-0', canonicalAddress=olive-shard-00-02.zxci7.mongodb.net:27017, hosts=[olive-shard-00-01.zxci7.mongodb.net:27017, olive-shard-00-02.zxci7.mongodb.net:27017, olive-shard-00-00.zxci7.mongodb.net:27017], passives=[], arbiters=[], primary='olive-shard-00-01.zxci7.mongodb.net:27017', tagSet=TagSet{[Tag{name='nodeType', value='ELECTABLE'}, Tag{name='provider', value='AWS'}, Tag{name='region', value='AP_SOUTHEAST_1'}, Tag{name='workloadType', value='OPERATIONAL'}]}, electionId=null, setVersion=7, topologyVersion=TopologyVersion{processId=61b3a6ae35f0d85090fef1fb, counter=3}, lastWriteDate=Tue Dec 28 10:43:50 SGT 2021, lastUpdateTimeNanos=347276505828416}
2021-12-28 10:43:51,014 INFO com.mongodb.diagnostics.logging.SLF4JLogger [cluster-ClusterId{value='61ca79e68a470b322aa8a94c', description='null'}-olive-shard-00-01.zxci7.mongodb.net:27017] Setting max election id to 7fffffff000000000000006b from replica set primary olive-shard-00-01.zxci7.mongodb.net:27017
2021-12-28 10:43:51,017 INFO com.mongodb.diagnostics.logging.SLF4JLogger [cluster-ClusterId{value='61ca79e68a470b322aa8a94c', description='null'}-olive-shard-00-01.zxci7.mongodb.net:27017] Setting max set version to 7 from replica set primary olive-shard-00-01.zxci7.mongodb.net:27017
2021-12-28 10:43:51,017 INFO com.mongodb.diagnostics.logging.SLF4JLogger [cluster-ClusterId{value='61ca79e68a470b322aa8a94c', description='null'}-olive-shard-00-01.zxci7.mongodb.net:27017] Discovered replica set primary olive-shard-00-01.zxci7.mongodb.net:27017
2021-12-28 10:44:17,633 INFO org.apache.juli.logging.DirectJDKLog [http-nio-8080-exec-2] Initializing Spring DispatcherServlet 'dispatcherServlet'
2021-12-28 10:44:17,633 INFO org.springframework.web.servlet.FrameworkServlet [http-nio-8080-exec-2] Initializing Servlet 'dispatcherServlet'
2021-12-28 10:44:17,634 INFO org.springframework.web.servlet.FrameworkServlet [http-nio-8080-exec-2] Completed initialization in 1 ms
2021-12-28 10:44:17,740 INFO com.mongodb.diagnostics.logging.SLF4JLogger [http-nio-8080-exec-2] Opened connection [connectionId{localValue:7, serverValue:798603}] to olive-shard-00-01.zxci7.mongodb.net:27017
2021-12-28 10:44:42,588 INFO com.mongodb.diagnostics.logging.SLF4JLogger [SpringApplicationShutdownHook] Closed connection [connectionId{localValue:7, serverValue:798603}] to olive-shard-00-01.zxci7.mongodb.net:27017 because the pool has been closed.
