2021-10-28 01:09:07,170 INFO org.springframework.boot.StartupInfoLogger [main] Starting OliveApplication using Java 16.0.1 on Seans-MBP with PID 26962 (/Users/sean/Desktop/codes/olive/target/classes started by sean in /Users/sean/Desktop/codes/olive)
2021-10-28 01:09:07,172 DEBUG org.springframework.boot.StartupInfoLogger [main] Running with Spring Boot v2.5.4, Spring v5.3.9
2021-10-28 01:09:07,172 INFO org.springframework.boot.SpringApplication [main] No active profile set, falling back to default profiles: default
2021-10-28 01:09:07,664 INFO org.springframework.data.repository.config.RepositoryConfigurationDelegate [main] Bootstrapping Spring Data MongoDB repositories in DEFAULT mode.
2021-10-28 01:09:07,723 INFO org.springframework.data.repository.config.RepositoryConfigurationDelegate [main] Finished Spring Data repository scanning in 54 ms. Found 3 MongoDB repository interfaces.
2021-10-28 01:09:08,389 INFO org.springframework.boot.web.embedded.tomcat.TomcatWebServer [main] Tomcat initialized with port(s): 8080 (http)
2021-10-28 01:09:08,403 INFO org.apache.juli.logging.DirectJDKLog [main] Initializing ProtocolHandler ["http-nio-8080"]
2021-10-28 01:09:08,403 INFO org.apache.juli.logging.DirectJDKLog [main] Starting service [Tomcat]
2021-10-28 01:09:08,404 INFO org.apache.juli.logging.DirectJDKLog [main] Starting Servlet engine: [Apache Tomcat/9.0.52]
2021-10-28 01:09:08,534 INFO org.apache.juli.logging.DirectJDKLog [main] Initializing Spring embedded WebApplicationContext
2021-10-28 01:09:08,534 INFO org.springframework.boot.web.servlet.context.ServletWebServerApplicationContext [main] Root WebApplicationContext: initialization completed in 1300 ms
2021-10-28 01:09:08,852 INFO com.mongodb.diagnostics.logging.SLF4JLogger [main] Cluster created with settings {hosts=[127.0.0.1:27017], srvHost=olive.zxci7.mongodb.net, mode=MULTIPLE, requiredClusterType=REPLICA_SET, serverSelectionTimeout='30000 ms', requiredReplicaSetName='atlas-ili6hr-shard-0'}
2021-10-28 01:09:08,897 INFO com.mongodb.diagnostics.logging.SLF4JLogger [cluster-ClusterId{value='617987b4b87ef67d5782f83c', description='null'}-srv-olive.zxci7.mongodb.net] Adding discovered server olive-shard-00-00.zxci7.mongodb.net:27017 to client view of cluster
2021-10-28 01:09:08,928 INFO com.mongodb.diagnostics.logging.SLF4JLogger [cluster-ClusterId{value='617987b4b87ef67d5782f83c', description='null'}-srv-olive.zxci7.mongodb.net] Adding discovered server olive-shard-00-01.zxci7.mongodb.net:27017 to client view of cluster
2021-10-28 01:09:08,929 INFO com.mongodb.diagnostics.logging.SLF4JLogger [cluster-ClusterId{value='617987b4b87ef67d5782f83c', description='null'}-srv-olive.zxci7.mongodb.net] Adding discovered server olive-shard-00-02.zxci7.mongodb.net:27017 to client view of cluster
2021-10-28 01:09:09,130 INFO com.mongodb.diagnostics.logging.SLF4JLogger [cluster-ClusterId{value='617987b4b87ef67d5782f83c', description='null'}-olive-shard-00-02.zxci7.mongodb.net:27017] Exception in monitor thread while connecting to server olive-shard-00-02.zxci7.mongodb.net:27017
com.mongodb.MongoSocketException: olive-shard-00-02.zxci7.mongodb.net: nodename nor servname provided, or not known
	at com.mongodb.ServerAddress.getSocketAddresses(ServerAddress.java:211)
	at com.mongodb.internal.connection.SocketStream.initializeSocket(SocketStream.java:75)
	at com.mongodb.internal.connection.SocketStream.open(SocketStream.java:65)
	at com.mongodb.internal.connection.InternalStreamConnection.open(InternalStreamConnection.java:143)
	at com.mongodb.internal.connection.DefaultServerMonitor$ServerMonitorRunnable.lookupServerDescription(DefaultServerMonitor.java:188)
	at com.mongodb.internal.connection.DefaultServerMonitor$ServerMonitorRunnable.run(DefaultServerMonitor.java:144)
	at java.base/java.lang.Thread.run(Thread.java:831)
Caused by: java.net.UnknownHostException: olive-shard-00-02.zxci7.mongodb.net: nodename nor servname provided, or not known
	at java.base/java.net.Inet6AddressImpl.lookupAllHostAddr(Native Method)
	at java.base/java.net.InetAddress$PlatformNameService.lookupAllHostAddr(InetAddress.java:932)
	at java.base/java.net.InetAddress.getAddressesFromNameService(InetAddress.java:1517)
	at java.base/java.net.InetAddress$NameServiceAddresses.get(InetAddress.java:851)
	at java.base/java.net.InetAddress.getAllByName0(InetAddress.java:1507)
	at java.base/java.net.InetAddress.getAllByName(InetAddress.java:1366)
	at java.base/java.net.InetAddress.getAllByName(InetAddress.java:1300)
	at com.mongodb.ServerAddress.getSocketAddresses(ServerAddress.java:203)
	... 6 common frames omitted
2021-10-28 01:09:09,375 INFO com.mongodb.diagnostics.logging.SLF4JLogger [cluster-ClusterId{value='617987b4b87ef67d5782f83c', description='null'}-olive-shard-00-01.zxci7.mongodb.net:27017] Opened connection [connectionId{localValue:3, serverValue:254216}] to olive-shard-00-01.zxci7.mongodb.net:27017
2021-10-28 01:09:09,375 INFO com.mongodb.diagnostics.logging.SLF4JLogger [cluster-rtt-ClusterId{value='617987b4b87ef67d5782f83c', description='null'}-olive-shard-00-00.zxci7.mongodb.net:27017] Opened connection [connectionId{localValue:4, serverValue:239362}] to olive-shard-00-00.zxci7.mongodb.net:27017
2021-10-28 01:09:09,375 INFO com.mongodb.diagnostics.logging.SLF4JLogger [cluster-ClusterId{value='617987b4b87ef67d5782f83c', description='null'}-olive-shard-00-00.zxci7.mongodb.net:27017] Opened connection [connectionId{localValue:1, serverValue:239373}] to olive-shard-00-00.zxci7.mongodb.net:27017
2021-10-28 01:09:09,375 INFO com.mongodb.diagnostics.logging.SLF4JLogger [cluster-rtt-ClusterId{value='617987b4b87ef67d5782f83c', description='null'}-olive-shard-00-01.zxci7.mongodb.net:27017] Opened connection [connectionId{localValue:2, serverValue:254307}] to olive-shard-00-01.zxci7.mongodb.net:27017
2021-10-28 01:09:09,376 INFO com.mongodb.diagnostics.logging.SLF4JLogger [cluster-ClusterId{value='617987b4b87ef67d5782f83c', description='null'}-olive-shard-00-01.zxci7.mongodb.net:27017] Monitor thread successfully connected to server with description ServerDescription{address=olive-shard-00-01.zxci7.mongodb.net:27017, type=REPLICA_SET_PRIMARY, state=CONNECTED, ok=true, minWireVersion=0, maxWireVersion=9, maxDocumentSize=16777216, logicalSessionTimeoutMinutes=30, roundTripTimeNanos=193210860, setName='atlas-ili6hr-shard-0', canonicalAddress=olive-shard-00-01.zxci7.mongodb.net:27017, hosts=[olive-shard-00-01.zxci7.mongodb.net:27017, olive-shard-00-02.zxci7.mongodb.net:27017, olive-shard-00-00.zxci7.mongodb.net:27017], passives=[], arbiters=[], primary='olive-shard-00-01.zxci7.mongodb.net:27017', tagSet=TagSet{[Tag{name='nodeType', value='ELECTABLE'}, Tag{name='provider', value='AWS'}, Tag{name='region', value='AP_SOUTHEAST_1'}, Tag{name='workloadType', value='OPERATIONAL'}]}, electionId=7fffffff0000000000000069, setVersion=7, topologyVersion=TopologyVersion{processId=616f0abb17b424b8ba29f63e, counter=6}, lastWriteDate=Thu Oct 28 01:09:09 SGT 2021, lastUpdateTimeNanos=33447238066941}
2021-10-28 01:09:09,376 INFO com.mongodb.diagnostics.logging.SLF4JLogger [cluster-ClusterId{value='617987b4b87ef67d5782f83c', description='null'}-olive-shard-00-00.zxci7.mongodb.net:27017] Monitor thread successfully connected to server with description ServerDescription{address=olive-shard-00-00.zxci7.mongodb.net:27017, type=REPLICA_SET_SECONDARY, state=CONNECTED, ok=true, minWireVersion=0, maxWireVersion=9, maxDocumentSize=16777216, logicalSessionTimeoutMinutes=30, roundTripTimeNanos=193799888, setName='atlas-ili6hr-shard-0', canonicalAddress=olive-shard-00-00.zxci7.mongodb.net:27017, hosts=[olive-shard-00-01.zxci7.mongodb.net:27017, olive-shard-00-02.zxci7.mongodb.net:27017, olive-shard-00-00.zxci7.mongodb.net:27017], passives=[], arbiters=[], primary='olive-shard-00-01.zxci7.mongodb.net:27017', tagSet=TagSet{[Tag{name='nodeType', value='ELECTABLE'}, Tag{name='provider', value='AWS'}, Tag{name='region', value='AP_SOUTHEAST_1'}, Tag{name='workloadType', value='OPERATIONAL'}]}, electionId=null, setVersion=7, topologyVersion=TopologyVersion{processId=616f0aa4b6f298e710abbe8d, counter=4}, lastWriteDate=Thu Oct 28 01:09:09 SGT 2021, lastUpdateTimeNanos=33447238083526}
2021-10-28 01:09:09,379 INFO com.mongodb.diagnostics.logging.SLF4JLogger [cluster-ClusterId{value='617987b4b87ef67d5782f83c', description='null'}-olive-shard-00-01.zxci7.mongodb.net:27017] Setting max election id to 7fffffff0000000000000069 from replica set primary olive-shard-00-01.zxci7.mongodb.net:27017
2021-10-28 01:09:09,382 INFO com.mongodb.diagnostics.logging.SLF4JLogger [cluster-ClusterId{value='617987b4b87ef67d5782f83c', description='null'}-olive-shard-00-01.zxci7.mongodb.net:27017] Setting max set version to 7 from replica set primary olive-shard-00-01.zxci7.mongodb.net:27017
2021-10-28 01:09:09,382 INFO com.mongodb.diagnostics.logging.SLF4JLogger [cluster-ClusterId{value='617987b4b87ef67d5782f83c', description='null'}-olive-shard-00-01.zxci7.mongodb.net:27017] Discovered replica set primary olive-shard-00-01.zxci7.mongodb.net:27017
2021-10-28 01:09:09,577 INFO org.apache.juli.logging.DirectJDKLog [main] Starting ProtocolHandler ["http-nio-8080"]
2021-10-28 01:09:09,589 INFO org.springframework.boot.web.embedded.tomcat.TomcatWebServer [main] Tomcat started on port(s): 8080 (http) with context path ''
2021-10-28 01:09:09,598 INFO org.springframework.boot.StartupInfoLogger [main] Started OliveApplication in 2.903 seconds (JVM running for 3.27)
2021-10-28 01:09:19,181 INFO com.mongodb.diagnostics.logging.SLF4JLogger [cluster-rtt-ClusterId{value='617987b4b87ef67d5782f83c', description='null'}-olive-shard-00-02.zxci7.mongodb.net:27017] Opened connection [connectionId{localValue:7, serverValue:238125}] to olive-shard-00-02.zxci7.mongodb.net:27017
2021-10-28 01:09:19,192 INFO com.mongodb.diagnostics.logging.SLF4JLogger [cluster-ClusterId{value='617987b4b87ef67d5782f83c', description='null'}-olive-shard-00-02.zxci7.mongodb.net:27017] Opened connection [connectionId{localValue:8, serverValue:238125}] to olive-shard-00-02.zxci7.mongodb.net:27017
2021-10-28 01:09:19,192 INFO com.mongodb.diagnostics.logging.SLF4JLogger [cluster-ClusterId{value='617987b4b87ef67d5782f83c', description='null'}-olive-shard-00-02.zxci7.mongodb.net:27017] Monitor thread successfully connected to server with description ServerDescription{address=olive-shard-00-02.zxci7.mongodb.net:27017, type=REPLICA_SET_SECONDARY, state=CONNECTED, ok=true, minWireVersion=0, maxWireVersion=9, maxDocumentSize=16777216, logicalSessionTimeoutMinutes=30, roundTripTimeNanos=50049744, setName='atlas-ili6hr-shard-0', canonicalAddress=olive-shard-00-02.zxci7.mongodb.net:27017, hosts=[olive-shard-00-01.zxci7.mongodb.net:27017, olive-shard-00-02.zxci7.mongodb.net:27017, olive-shard-00-00.zxci7.mongodb.net:27017], passives=[], arbiters=[], primary='olive-shard-00-01.zxci7.mongodb.net:27017', tagSet=TagSet{[Tag{name='nodeType', value='ELECTABLE'}, Tag{name='provider', value='AWS'}, Tag{name='region', value='AP_SOUTHEAST_1'}, Tag{name='workloadType', value='OPERATIONAL'}]}, electionId=null, setVersion=7, topologyVersion=TopologyVersion{processId=616f0b22c1de6a5e2a14b6b0, counter=3}, lastWriteDate=Thu Oct 28 01:09:19 SGT 2021, lastUpdateTimeNanos=33457056366317}
2021-10-28 01:09:22,137 INFO org.apache.juli.logging.DirectJDKLog [http-nio-8080-exec-1] Initializing Spring DispatcherServlet 'dispatcherServlet'
2021-10-28 01:09:22,137 INFO org.springframework.web.servlet.FrameworkServlet [http-nio-8080-exec-1] Initializing Servlet 'dispatcherServlet'
2021-10-28 01:09:22,138 INFO org.springframework.web.servlet.FrameworkServlet [http-nio-8080-exec-1] Completed initialization in 1 ms
2021-10-28 01:09:22,342 INFO com.mongodb.diagnostics.logging.SLF4JLogger [http-nio-8080-exec-1] Opened connection [connectionId{localValue:9, serverValue:254345}] to olive-shard-00-01.zxci7.mongodb.net:27017
2021-10-28 01:16:37,030 INFO com.mongodb.diagnostics.logging.SLF4JLogger [SpringApplicationShutdownHook] Closed connection [connectionId{localValue:9, serverValue:254345}] to olive-shard-00-01.zxci7.mongodb.net:27017 because the pool has been closed.
2021-10-28 01:18:47,695 INFO org.springframework.boot.StartupInfoLogger [main] Starting OliveApplication using Java 16.0.1 on Seans-MBP with PID 27139 (/Users/sean/Desktop/codes/olive/target/classes started by sean in /Users/sean/Desktop/codes/olive)
2021-10-28 01:18:47,697 DEBUG org.springframework.boot.StartupInfoLogger [main] Running with Spring Boot v2.5.4, Spring v5.3.9
2021-10-28 01:18:47,697 INFO org.springframework.boot.SpringApplication [main] No active profile set, falling back to default profiles: default
2021-10-28 01:18:48,062 INFO org.springframework.data.repository.config.RepositoryConfigurationDelegate [main] Bootstrapping Spring Data MongoDB repositories in DEFAULT mode.
2021-10-28 01:18:48,107 INFO org.springframework.data.repository.config.RepositoryConfigurationDelegate [main] Finished Spring Data repository scanning in 40 ms. Found 3 MongoDB repository interfaces.
2021-10-28 01:18:48,624 INFO org.springframework.boot.web.embedded.tomcat.TomcatWebServer [main] Tomcat initialized with port(s): 8080 (http)
2021-10-28 01:18:48,638 INFO org.apache.juli.logging.DirectJDKLog [main] Initializing ProtocolHandler ["http-nio-8080"]
2021-10-28 01:18:48,639 INFO org.apache.juli.logging.DirectJDKLog [main] Starting service [Tomcat]
2021-10-28 01:18:48,639 INFO org.apache.juli.logging.DirectJDKLog [main] Starting Servlet engine: [Apache Tomcat/9.0.52]
2021-10-28 01:18:48,744 INFO org.apache.juli.logging.DirectJDKLog [main] Initializing Spring embedded WebApplicationContext
2021-10-28 01:18:48,745 INFO org.springframework.boot.web.servlet.context.ServletWebServerApplicationContext [main] Root WebApplicationContext: initialization completed in 1004 ms
2021-10-28 01:18:48,980 INFO com.mongodb.diagnostics.logging.SLF4JLogger [main] Cluster created with settings {hosts=[127.0.0.1:27017], srvHost=olive.zxci7.mongodb.net, mode=MULTIPLE, requiredClusterType=REPLICA_SET, serverSelectionTimeout='30000 ms', requiredReplicaSetName='atlas-ili6hr-shard-0'}
2021-10-28 01:18:49,024 INFO com.mongodb.diagnostics.logging.SLF4JLogger [cluster-ClusterId{value='617989f8a0df2e4f5a2cc532', description='null'}-srv-olive.zxci7.mongodb.net] Adding discovered server olive-shard-00-00.zxci7.mongodb.net:27017 to client view of cluster
2021-10-28 01:18:49,049 INFO com.mongodb.diagnostics.logging.SLF4JLogger [cluster-ClusterId{value='617989f8a0df2e4f5a2cc532', description='null'}-srv-olive.zxci7.mongodb.net] Adding discovered server olive-shard-00-01.zxci7.mongodb.net:27017 to client view of cluster
2021-10-28 01:18:49,050 INFO com.mongodb.diagnostics.logging.SLF4JLogger [cluster-ClusterId{value='617989f8a0df2e4f5a2cc532', description='null'}-srv-olive.zxci7.mongodb.net] Adding discovered server olive-shard-00-02.zxci7.mongodb.net:27017 to client view of cluster
2021-10-28 01:18:49,414 INFO com.mongodb.diagnostics.logging.SLF4JLogger [cluster-rtt-ClusterId{value='617989f8a0df2e4f5a2cc532', description='null'}-olive-shard-00-02.zxci7.mongodb.net:27017] Opened connection [connectionId{localValue:4, serverValue:238585}] to olive-shard-00-02.zxci7.mongodb.net:27017
2021-10-28 01:18:49,414 INFO com.mongodb.diagnostics.logging.SLF4JLogger [cluster-ClusterId{value='617989f8a0df2e4f5a2cc532', description='null'}-olive-shard-00-02.zxci7.mongodb.net:27017] Opened connection [connectionId{localValue:1, serverValue:238585}] to olive-shard-00-02.zxci7.mongodb.net:27017
2021-10-28 01:18:49,414 INFO com.mongodb.diagnostics.logging.SLF4JLogger [cluster-ClusterId{value='617989f8a0df2e4f5a2cc532', description='null'}-olive-shard-00-00.zxci7.mongodb.net:27017] Opened connection [connectionId{localValue:2, serverValue:239788}] to olive-shard-00-00.zxci7.mongodb.net:27017
2021-10-28 01:18:49,414 INFO com.mongodb.diagnostics.logging.SLF4JLogger [cluster-ClusterId{value='617989f8a0df2e4f5a2cc532', description='null'}-olive-shard-00-01.zxci7.mongodb.net:27017] Opened connection [connectionId{localValue:6, serverValue:254765}] to olive-shard-00-01.zxci7.mongodb.net:27017
2021-10-28 01:18:49,414 INFO com.mongodb.diagnostics.logging.SLF4JLogger [cluster-rtt-ClusterId{value='617989f8a0df2e4f5a2cc532', description='null'}-olive-shard-00-00.zxci7.mongodb.net:27017] Opened connection [connectionId{localValue:3, serverValue:239790}] to olive-shard-00-00.zxci7.mongodb.net:27017
2021-10-28 01:18:49,414 INFO com.mongodb.diagnostics.logging.SLF4JLogger [cluster-rtt-ClusterId{value='617989f8a0df2e4f5a2cc532', description='null'}-olive-shard-00-01.zxci7.mongodb.net:27017] Opened connection [connectionId{localValue:5, serverValue:254765}] to olive-shard-00-01.zxci7.mongodb.net:27017
2021-10-28 01:18:49,415 INFO com.mongodb.diagnostics.logging.SLF4JLogger [cluster-ClusterId{value='617989f8a0df2e4f5a2cc532', description='null'}-olive-shard-00-01.zxci7.mongodb.net:27017] Monitor thread successfully connected to server with description ServerDescription{address=olive-shard-00-01.zxci7.mongodb.net:27017, type=REPLICA_SET_PRIMARY, state=CONNECTED, ok=true, minWireVersion=0, maxWireVersion=9, maxDocumentSize=16777216, logicalSessionTimeoutMinutes=30, roundTripTimeNanos=158794834, setName='atlas-ili6hr-shard-0', canonicalAddress=olive-shard-00-01.zxci7.mongodb.net:27017, hosts=[olive-shard-00-01.zxci7.mongodb.net:27017, olive-shard-00-02.zxci7.mongodb.net:27017, olive-shard-00-00.zxci7.mongodb.net:27017], passives=[], arbiters=[], primary='olive-shard-00-01.zxci7.mongodb.net:27017', tagSet=TagSet{[Tag{name='nodeType', value='ELECTABLE'}, Tag{name='provider', value='AWS'}, Tag{name='region', value='AP_SOUTHEAST_1'}, Tag{name='workloadType', value='OPERATIONAL'}]}, electionId=7fffffff0000000000000069, setVersion=7, topologyVersion=TopologyVersion{processId=616f0abb17b424b8ba29f63e, counter=6}, lastWriteDate=Thu Oct 28 01:18:49 SGT 2021, lastUpdateTimeNanos=34027240994578}
2021-10-28 01:18:49,415 INFO com.mongodb.diagnostics.logging.SLF4JLogger [cluster-ClusterId{value='617989f8a0df2e4f5a2cc532', description='null'}-olive-shard-00-02.zxci7.mongodb.net:27017] Monitor thread successfully connected to server with description ServerDescription{address=olive-shard-00-02.zxci7.mongodb.net:27017, type=REPLICA_SET_SECONDARY, state=CONNECTED, ok=true, minWireVersion=0, maxWireVersion=9, maxDocumentSize=16777216, logicalSessionTimeoutMinutes=30, roundTripTimeNanos=159252981, setName='atlas-ili6hr-shard-0', canonicalAddress=olive-shard-00-02.zxci7.mongodb.net:27017, hosts=[olive-shard-00-01.zxci7.mongodb.net:27017, olive-shard-00-02.zxci7.mongodb.net:27017, olive-shard-00-00.zxci7.mongodb.net:27017], passives=[], arbiters=[], primary='olive-shard-00-01.zxci7.mongodb.net:27017', tagSet=TagSet{[Tag{name='nodeType', value='ELECTABLE'}, Tag{name='provider', value='AWS'}, Tag{name='region', value='AP_SOUTHEAST_1'}, Tag{name='workloadType', value='OPERATIONAL'}]}, electionId=null, setVersion=7, topologyVersion=TopologyVersion{processId=616f0b22c1de6a5e2a14b6b0, counter=3}, lastWriteDate=Thu Oct 28 01:18:49 SGT 2021, lastUpdateTimeNanos=34027240994828}
2021-10-28 01:18:49,415 INFO com.mongodb.diagnostics.logging.SLF4JLogger [cluster-ClusterId{value='617989f8a0df2e4f5a2cc532', description='null'}-olive-shard-00-00.zxci7.mongodb.net:27017] Monitor thread successfully connected to server with description ServerDescription{address=olive-shard-00-00.zxci7.mongodb.net:27017, type=REPLICA_SET_SECONDARY, state=CONNECTED, ok=true, minWireVersion=0, maxWireVersion=9, maxDocumentSize=16777216, logicalSessionTimeoutMinutes=30, roundTripTimeNanos=158754994, setName='atlas-ili6hr-shard-0', canonicalAddress=olive-shard-00-00.zxci7.mongodb.net:27017, hosts=[olive-shard-00-01.zxci7.mongodb.net:27017, olive-shard-00-02.zxci7.mongodb.net:27017, olive-shard-00-00.zxci7.mongodb.net:27017], passives=[], arbiters=[], primary='olive-shard-00-01.zxci7.mongodb.net:27017', tagSet=TagSet{[Tag{name='nodeType', value='ELECTABLE'}, Tag{name='provider', value='AWS'}, Tag{name='region', value='AP_SOUTHEAST_1'}, Tag{name='workloadType', value='OPERATIONAL'}]}, electionId=null, setVersion=7, topologyVersion=TopologyVersion{processId=616f0aa4b6f298e710abbe8d, counter=4}, lastWriteDate=Thu Oct 28 01:18:49 SGT 2021, lastUpdateTimeNanos=34027240956052}
2021-10-28 01:18:49,418 INFO com.mongodb.diagnostics.logging.SLF4JLogger [cluster-ClusterId{value='617989f8a0df2e4f5a2cc532', description='null'}-olive-shard-00-01.zxci7.mongodb.net:27017] Setting max election id to 7fffffff0000000000000069 from replica set primary olive-shard-00-01.zxci7.mongodb.net:27017
2021-10-28 01:18:49,421 INFO com.mongodb.diagnostics.logging.SLF4JLogger [cluster-ClusterId{value='617989f8a0df2e4f5a2cc532', description='null'}-olive-shard-00-01.zxci7.mongodb.net:27017] Setting max set version to 7 from replica set primary olive-shard-00-01.zxci7.mongodb.net:27017
2021-10-28 01:18:49,421 INFO com.mongodb.diagnostics.logging.SLF4JLogger [cluster-ClusterId{value='617989f8a0df2e4f5a2cc532', description='null'}-olive-shard-00-01.zxci7.mongodb.net:27017] Discovered replica set primary olive-shard-00-01.zxci7.mongodb.net:27017
2021-10-28 01:18:49,551 INFO org.apache.juli.logging.DirectJDKLog [main] Starting ProtocolHandler ["http-nio-8080"]
2021-10-28 01:18:49,563 INFO org.springframework.boot.web.embedded.tomcat.TomcatWebServer [main] Tomcat started on port(s): 8080 (http) with context path ''
2021-10-28 01:18:49,573 INFO org.springframework.boot.StartupInfoLogger [main] Started OliveApplication in 2.283 seconds (JVM running for 2.614)
2021-10-28 01:19:16,316 INFO org.apache.juli.logging.DirectJDKLog [http-nio-8080-exec-2] Initializing Spring DispatcherServlet 'dispatcherServlet'
2021-10-28 01:19:16,316 INFO org.springframework.web.servlet.FrameworkServlet [http-nio-8080-exec-2] Initializing Servlet 'dispatcherServlet'
2021-10-28 01:19:16,317 INFO org.springframework.web.servlet.FrameworkServlet [http-nio-8080-exec-2] Completed initialization in 1 ms
2021-10-28 01:19:16,524 INFO com.mongodb.diagnostics.logging.SLF4JLogger [http-nio-8080-exec-2] Opened connection [connectionId{localValue:7, serverValue:254770}] to olive-shard-00-01.zxci7.mongodb.net:27017
2021-10-28 01:20:49,308 INFO com.mongodb.diagnostics.logging.SLF4JLogger [SpringApplicationShutdownHook] Closed connection [connectionId{localValue:7, serverValue:254770}] to olive-shard-00-01.zxci7.mongodb.net:27017 because the pool has been closed.
2021-10-28 01:20:58,003 INFO org.springframework.boot.StartupInfoLogger [main] Starting OliveApplication using Java 16.0.1 on Seans-MBP with PID 27199 (/Users/sean/Desktop/codes/olive/target/classes started by sean in /Users/sean/Desktop/codes/olive)
2021-10-28 01:20:58,005 DEBUG org.springframework.boot.StartupInfoLogger [main] Running with Spring Boot v2.5.4, Spring v5.3.9
2021-10-28 01:20:58,005 INFO org.springframework.boot.SpringApplication [main] No active profile set, falling back to default profiles: default
2021-10-28 01:20:58,412 INFO org.springframework.data.repository.config.RepositoryConfigurationDelegate [main] Bootstrapping Spring Data MongoDB repositories in DEFAULT mode.
2021-10-28 01:20:58,479 INFO org.springframework.data.repository.config.RepositoryConfigurationDelegate [main] Finished Spring Data repository scanning in 62 ms. Found 3 MongoDB repository interfaces.
2021-10-28 01:20:59,023 INFO org.springframework.boot.web.embedded.tomcat.TomcatWebServer [main] Tomcat initialized with port(s): 8080 (http)
2021-10-28 01:20:59,033 INFO org.apache.juli.logging.DirectJDKLog [main] Initializing ProtocolHandler ["http-nio-8080"]
2021-10-28 01:20:59,033 INFO org.apache.juli.logging.DirectJDKLog [main] Starting service [Tomcat]
2021-10-28 01:20:59,034 INFO org.apache.juli.logging.DirectJDKLog [main] Starting Servlet engine: [Apache Tomcat/9.0.52]
2021-10-28 01:20:59,146 INFO org.apache.juli.logging.DirectJDKLog [main] Initializing Spring embedded WebApplicationContext
2021-10-28 01:20:59,146 INFO org.springframework.boot.web.servlet.context.ServletWebServerApplicationContext [main] Root WebApplicationContext: initialization completed in 1085 ms
2021-10-28 01:20:59,403 INFO com.mongodb.diagnostics.logging.SLF4JLogger [main] Cluster created with settings {hosts=[127.0.0.1:27017], srvHost=olive.zxci7.mongodb.net, mode=MULTIPLE, requiredClusterType=REPLICA_SET, serverSelectionTimeout='30000 ms', requiredReplicaSetName='atlas-ili6hr-shard-0'}
2021-10-28 01:20:59,449 INFO com.mongodb.diagnostics.logging.SLF4JLogger [cluster-ClusterId{value='61798a7bb064236139e93b28', description='null'}-srv-olive.zxci7.mongodb.net] Adding discovered server olive-shard-00-00.zxci7.mongodb.net:27017 to client view of cluster
2021-10-28 01:20:59,479 INFO com.mongodb.diagnostics.logging.SLF4JLogger [cluster-ClusterId{value='61798a7bb064236139e93b28', description='null'}-srv-olive.zxci7.mongodb.net] Adding discovered server olive-shard-00-01.zxci7.mongodb.net:27017 to client view of cluster
2021-10-28 01:20:59,481 INFO com.mongodb.diagnostics.logging.SLF4JLogger [cluster-ClusterId{value='61798a7bb064236139e93b28', description='null'}-srv-olive.zxci7.mongodb.net] Adding discovered server olive-shard-00-02.zxci7.mongodb.net:27017 to client view of cluster
2021-10-28 01:20:59,925 INFO com.mongodb.diagnostics.logging.SLF4JLogger [cluster-ClusterId{value='61798a7bb064236139e93b28', description='null'}-olive-shard-00-01.zxci7.mongodb.net:27017] Opened connection [connectionId{localValue:2, serverValue:254668}] to olive-shard-00-01.zxci7.mongodb.net:27017
2021-10-28 01:20:59,925 INFO com.mongodb.diagnostics.logging.SLF4JLogger [cluster-rtt-ClusterId{value='61798a7bb064236139e93b28', description='null'}-olive-shard-00-02.zxci7.mongodb.net:27017] Opened connection [connectionId{localValue:5, serverValue:238584}] to olive-shard-00-02.zxci7.mongodb.net:27017
2021-10-28 01:20:59,925 INFO com.mongodb.diagnostics.logging.SLF4JLogger [cluster-rtt-ClusterId{value='61798a7bb064236139e93b28', description='null'}-olive-shard-00-00.zxci7.mongodb.net:27017] Opened connection [connectionId{localValue:4, serverValue:239825}] to olive-shard-00-00.zxci7.mongodb.net:27017
2021-10-28 01:20:59,925 INFO com.mongodb.diagnostics.logging.SLF4JLogger [cluster-rtt-ClusterId{value='61798a7bb064236139e93b28', description='null'}-olive-shard-00-01.zxci7.mongodb.net:27017] Opened connection [connectionId{localValue:1, serverValue:254668}] to olive-shard-00-01.zxci7.mongodb.net:27017
2021-10-28 01:20:59,925 INFO com.mongodb.diagnostics.logging.SLF4JLogger [cluster-ClusterId{value='61798a7bb064236139e93b28', description='null'}-olive-shard-00-00.zxci7.mongodb.net:27017] Opened connection [connectionId{localValue:6, serverValue:239832}] to olive-shard-00-00.zxci7.mongodb.net:27017
2021-10-28 01:20:59,925 INFO com.mongodb.diagnostics.logging.SLF4JLogger [cluster-ClusterId{value='61798a7bb064236139e93b28', description='null'}-olive-shard-00-02.zxci7.mongodb.net:27017] Opened connection [connectionId{localValue:3, serverValue:238584}] to olive-shard-00-02.zxci7.mongodb.net:27017
2021-10-28 01:20:59,926 INFO com.mongodb.diagnostics.logging.SLF4JLogger [cluster-ClusterId{value='61798a7bb064236139e93b28', description='null'}-olive-shard-00-00.zxci7.mongodb.net:27017] Monitor thread successfully connected to server with description ServerDescription{address=olive-shard-00-00.zxci7.mongodb.net:27017, type=REPLICA_SET_SECONDARY, state=CONNECTED, ok=true, minWireVersion=0, maxWireVersion=9, maxDocumentSize=16777216, logicalSessionTimeoutMinutes=30, roundTripTimeNanos=210305792, setName='atlas-ili6hr-shard-0', canonicalAddress=olive-shard-00-00.zxci7.mongodb.net:27017, hosts=[olive-shard-00-01.zxci7.mongodb.net:27017, olive-shard-00-02.zxci7.mongodb.net:27017, olive-shard-00-00.zxci7.mongodb.net:27017], passives=[], arbiters=[], primary='olive-shard-00-01.zxci7.mongodb.net:27017', tagSet=TagSet{[Tag{name='nodeType', value='ELECTABLE'}, Tag{name='provider', value='AWS'}, Tag{name='region', value='AP_SOUTHEAST_1'}, Tag{name='workloadType', value='OPERATIONAL'}]}, electionId=null, setVersion=7, topologyVersion=TopologyVersion{processId=616f0aa4b6f298e710abbe8d, counter=4}, lastWriteDate=Thu Oct 28 01:20:59 SGT 2021, lastUpdateTimeNanos=34157753435944}
2021-10-28 01:20:59,926 INFO com.mongodb.diagnostics.logging.SLF4JLogger [cluster-ClusterId{value='61798a7bb064236139e93b28', description='null'}-olive-shard-00-01.zxci7.mongodb.net:27017] Monitor thread successfully connected to server with description ServerDescription{address=olive-shard-00-01.zxci7.mongodb.net:27017, type=REPLICA_SET_PRIMARY, state=CONNECTED, ok=true, minWireVersion=0, maxWireVersion=9, maxDocumentSize=16777216, logicalSessionTimeoutMinutes=30, roundTripTimeNanos=210420059, setName='atlas-ili6hr-shard-0', canonicalAddress=olive-shard-00-01.zxci7.mongodb.net:27017, hosts=[olive-shard-00-01.zxci7.mongodb.net:27017, olive-shard-00-02.zxci7.mongodb.net:27017, olive-shard-00-00.zxci7.mongodb.net:27017], passives=[], arbiters=[], primary='olive-shard-00-01.zxci7.mongodb.net:27017', tagSet=TagSet{[Tag{name='nodeType', value='ELECTABLE'}, Tag{name='provider', value='AWS'}, Tag{name='region', value='AP_SOUTHEAST_1'}, Tag{name='workloadType', value='OPERATIONAL'}]}, electionId=7fffffff0000000000000069, setVersion=7, topologyVersion=TopologyVersion{processId=616f0abb17b424b8ba29f63e, counter=6}, lastWriteDate=Thu Oct 28 01:20:59 SGT 2021, lastUpdateTimeNanos=34157753260593}
2021-10-28 01:20:59,927 INFO com.mongodb.diagnostics.logging.SLF4JLogger [cluster-ClusterId{value='61798a7bb064236139e93b28', description='null'}-olive-shard-00-02.zxci7.mongodb.net:27017] Monitor thread successfully connected to server with description ServerDescription{address=olive-shard-00-02.zxci7.mongodb.net:27017, type=REPLICA_SET_SECONDARY, state=CONNECTED, ok=true, minWireVersion=0, maxWireVersion=9, maxDocumentSize=16777216, logicalSessionTimeoutMinutes=30, roundTripTimeNanos=209949115, setName='atlas-ili6hr-shard-0', canonicalAddress=olive-shard-00-02.zxci7.mongodb.net:27017, hosts=[olive-shard-00-01.zxci7.mongodb.net:27017, olive-shard-00-02.zxci7.mongodb.net:27017, olive-shard-00-00.zxci7.mongodb.net:27017], passives=[], arbiters=[], primary='olive-shard-00-01.zxci7.mongodb.net:27017', tagSet=TagSet{[Tag{name='nodeType', value='ELECTABLE'}, Tag{name='provider', value='AWS'}, Tag{name='region', value='AP_SOUTHEAST_1'}, Tag{name='workloadType', value='OPERATIONAL'}]}, electionId=null, setVersion=7, topologyVersion=TopologyVersion{processId=616f0b22c1de6a5e2a14b6b0, counter=3}, lastWriteDate=Thu Oct 28 01:20:59 SGT 2021, lastUpdateTimeNanos=34157753437560}
2021-10-28 01:20:59,934 INFO com.mongodb.diagnostics.logging.SLF4JLogger [cluster-ClusterId{value='61798a7bb064236139e93b28', description='null'}-olive-shard-00-01.zxci7.mongodb.net:27017] Setting max election id to 7fffffff0000000000000069 from replica set primary olive-shard-00-01.zxci7.mongodb.net:27017
2021-10-28 01:20:59,942 INFO com.mongodb.diagnostics.logging.SLF4JLogger [cluster-ClusterId{value='61798a7bb064236139e93b28', description='null'}-olive-shard-00-01.zxci7.mongodb.net:27017] Setting max set version to 7 from replica set primary olive-shard-00-01.zxci7.mongodb.net:27017
2021-10-28 01:20:59,943 INFO com.mongodb.diagnostics.logging.SLF4JLogger [cluster-ClusterId{value='61798a7bb064236139e93b28', description='null'}-olive-shard-00-01.zxci7.mongodb.net:27017] Discovered replica set primary olive-shard-00-01.zxci7.mongodb.net:27017
2021-10-28 01:21:00,181 INFO org.apache.juli.logging.DirectJDKLog [main] Starting ProtocolHandler ["http-nio-8080"]
2021-10-28 01:21:00,196 INFO org.springframework.boot.web.embedded.tomcat.TomcatWebServer [main] Tomcat started on port(s): 8080 (http) with context path ''
2021-10-28 01:21:00,209 INFO org.springframework.boot.StartupInfoLogger [main] Started OliveApplication in 2.621 seconds (JVM running for 3.01)
2021-10-28 01:21:04,456 INFO org.apache.juli.logging.DirectJDKLog [http-nio-8080-exec-2] Initializing Spring DispatcherServlet 'dispatcherServlet'
2021-10-28 01:21:04,457 INFO org.springframework.web.servlet.FrameworkServlet [http-nio-8080-exec-2] Initializing Servlet 'dispatcherServlet'
2021-10-28 01:21:04,458 INFO org.springframework.web.servlet.FrameworkServlet [http-nio-8080-exec-2] Completed initialization in 1 ms
2021-10-28 01:21:04,695 INFO com.mongodb.diagnostics.logging.SLF4JLogger [http-nio-8080-exec-2] Opened connection [connectionId{localValue:7, serverValue:254770}] to olive-shard-00-01.zxci7.mongodb.net:27017
2021-10-28 01:25:27,318 INFO com.mongodb.diagnostics.logging.SLF4JLogger [SpringApplicationShutdownHook] Closed connection [connectionId{localValue:7, serverValue:254770}] to olive-shard-00-01.zxci7.mongodb.net:27017 because the pool has been closed.
2021-10-28 01:25:34,541 INFO org.springframework.boot.StartupInfoLogger [main] Starting OliveApplication using Java 16.0.1 on Seans-MBP with PID 27257 (/Users/sean/Desktop/codes/olive/target/classes started by sean in /Users/sean/Desktop/codes/olive)
2021-10-28 01:25:34,544 DEBUG org.springframework.boot.StartupInfoLogger [main] Running with Spring Boot v2.5.4, Spring v5.3.9
2021-10-28 01:25:34,544 INFO org.springframework.boot.SpringApplication [main] No active profile set, falling back to default profiles: default
2021-10-28 01:25:34,933 INFO org.springframework.data.repository.config.RepositoryConfigurationDelegate [main] Bootstrapping Spring Data MongoDB repositories in DEFAULT mode.
2021-10-28 01:25:34,984 INFO org.springframework.data.repository.config.RepositoryConfigurationDelegate [main] Finished Spring Data repository scanning in 46 ms. Found 3 MongoDB repository interfaces.
2021-10-28 01:25:35,502 INFO org.springframework.boot.web.embedded.tomcat.TomcatWebServer [main] Tomcat initialized with port(s): 8080 (http)
2021-10-28 01:25:35,513 INFO org.apache.juli.logging.DirectJDKLog [main] Initializing ProtocolHandler ["http-nio-8080"]
2021-10-28 01:25:35,514 INFO org.apache.juli.logging.DirectJDKLog [main] Starting service [Tomcat]
2021-10-28 01:25:35,514 INFO org.apache.juli.logging.DirectJDKLog [main] Starting Servlet engine: [Apache Tomcat/9.0.52]
2021-10-28 01:25:35,620 INFO org.apache.juli.logging.DirectJDKLog [main] Initializing Spring embedded WebApplicationContext
2021-10-28 01:25:35,620 INFO org.springframework.boot.web.servlet.context.ServletWebServerApplicationContext [main] Root WebApplicationContext: initialization completed in 1019 ms
2021-10-28 01:25:35,848 INFO com.mongodb.diagnostics.logging.SLF4JLogger [main] Cluster created with settings {hosts=[127.0.0.1:27017], srvHost=olive.zxci7.mongodb.net, mode=MULTIPLE, requiredClusterType=REPLICA_SET, serverSelectionTimeout='30000 ms', requiredReplicaSetName='atlas-ili6hr-shard-0'}
2021-10-28 01:25:35,891 INFO com.mongodb.diagnostics.logging.SLF4JLogger [cluster-ClusterId{value='61798b8f7b050a2b06bfc5ab', description='null'}-srv-olive.zxci7.mongodb.net] Adding discovered server olive-shard-00-00.zxci7.mongodb.net:27017 to client view of cluster
2021-10-28 01:25:35,918 INFO com.mongodb.diagnostics.logging.SLF4JLogger [cluster-ClusterId{value='61798b8f7b050a2b06bfc5ab', description='null'}-srv-olive.zxci7.mongodb.net] Adding discovered server olive-shard-00-01.zxci7.mongodb.net:27017 to client view of cluster
2021-10-28 01:25:35,920 INFO com.mongodb.diagnostics.logging.SLF4JLogger [cluster-ClusterId{value='61798b8f7b050a2b06bfc5ab', description='null'}-srv-olive.zxci7.mongodb.net] Adding discovered server olive-shard-00-02.zxci7.mongodb.net:27017 to client view of cluster
2021-10-28 01:25:36,306 INFO com.mongodb.diagnostics.logging.SLF4JLogger [cluster-ClusterId{value='61798b8f7b050a2b06bfc5ab', description='null'}-olive-shard-00-00.zxci7.mongodb.net:27017] Opened connection [connectionId{localValue:3, serverValue:239958}] to olive-shard-00-00.zxci7.mongodb.net:27017
2021-10-28 01:25:36,306 INFO com.mongodb.diagnostics.logging.SLF4JLogger [cluster-rtt-ClusterId{value='61798b8f7b050a2b06bfc5ab', description='null'}-olive-shard-00-02.zxci7.mongodb.net:27017] Opened connection [connectionId{localValue:6, serverValue:238745}] to olive-shard-00-02.zxci7.mongodb.net:27017
2021-10-28 01:25:36,306 INFO com.mongodb.diagnostics.logging.SLF4JLogger [cluster-ClusterId{value='61798b8f7b050a2b06bfc5ab', description='null'}-olive-shard-00-02.zxci7.mongodb.net:27017] Opened connection [connectionId{localValue:4, serverValue:238745}] to olive-shard-00-02.zxci7.mongodb.net:27017
2021-10-28 01:25:36,306 INFO com.mongodb.diagnostics.logging.SLF4JLogger [cluster-rtt-ClusterId{value='61798b8f7b050a2b06bfc5ab', description='null'}-olive-shard-00-00.zxci7.mongodb.net:27017] Opened connection [connectionId{localValue:2, serverValue:239958}] to olive-shard-00-00.zxci7.mongodb.net:27017
2021-10-28 01:25:36,306 INFO com.mongodb.diagnostics.logging.SLF4JLogger [cluster-ClusterId{value='61798b8f7b050a2b06bfc5ab', description='null'}-olive-shard-00-01.zxci7.mongodb.net:27017] Opened connection [connectionId{localValue:1, serverValue:254858}] to olive-shard-00-01.zxci7.mongodb.net:27017
2021-10-28 01:25:36,306 INFO com.mongodb.diagnostics.logging.SLF4JLogger [cluster-rtt-ClusterId{value='61798b8f7b050a2b06bfc5ab', description='null'}-olive-shard-00-01.zxci7.mongodb.net:27017] Opened connection [connectionId{localValue:5, serverValue:254884}] to olive-shard-00-01.zxci7.mongodb.net:27017
2021-10-28 01:25:36,307 INFO com.mongodb.diagnostics.logging.SLF4JLogger [cluster-ClusterId{value='61798b8f7b050a2b06bfc5ab', description='null'}-olive-shard-00-00.zxci7.mongodb.net:27017] Monitor thread successfully connected to server with description ServerDescription{address=olive-shard-00-00.zxci7.mongodb.net:27017, type=REPLICA_SET_SECONDARY, state=CONNECTED, ok=true, minWireVersion=0, maxWireVersion=9, maxDocumentSize=16777216, logicalSessionTimeoutMinutes=30, roundTripTimeNanos=166886026, setName='atlas-ili6hr-shard-0', canonicalAddress=olive-shard-00-00.zxci7.mongodb.net:27017, hosts=[olive-shard-00-01.zxci7.mongodb.net:27017, olive-shard-00-02.zxci7.mongodb.net:27017, olive-shard-00-00.zxci7.mongodb.net:27017], passives=[], arbiters=[], primary='olive-shard-00-01.zxci7.mongodb.net:27017', tagSet=TagSet{[Tag{name='nodeType', value='ELECTABLE'}, Tag{name='provider', value='AWS'}, Tag{name='region', value='AP_SOUTHEAST_1'}, Tag{name='workloadType', value='OPERATIONAL'}]}, electionId=null, setVersion=7, topologyVersion=TopologyVersion{processId=616f0aa4b6f298e710abbe8d, counter=4}, lastWriteDate=Thu Oct 28 01:25:36 SGT 2021, lastUpdateTimeNanos=34434139640978}
2021-10-28 01:25:36,307 INFO com.mongodb.diagnostics.logging.SLF4JLogger [cluster-ClusterId{value='61798b8f7b050a2b06bfc5ab', description='null'}-olive-shard-00-02.zxci7.mongodb.net:27017] Monitor thread successfully connected to server with description ServerDescription{address=olive-shard-00-02.zxci7.mongodb.net:27017, type=REPLICA_SET_SECONDARY, state=CONNECTED, ok=true, minWireVersion=0, maxWireVersion=9, maxDocumentSize=16777216, logicalSessionTimeoutMinutes=30, roundTripTimeNanos=166882576, setName='atlas-ili6hr-shard-0', canonicalAddress=olive-shard-00-02.zxci7.mongodb.net:27017, hosts=[olive-shard-00-01.zxci7.mongodb.net:27017, olive-shard-00-02.zxci7.mongodb.net:27017, olive-shard-00-00.zxci7.mongodb.net:27017], passives=[], arbiters=[], primary='olive-shard-00-01.zxci7.mongodb.net:27017', tagSet=TagSet{[Tag{name='nodeType', value='ELECTABLE'}, Tag{name='provider', value='AWS'}, Tag{name='region', value='AP_SOUTHEAST_1'}, Tag{name='workloadType', value='OPERATIONAL'}]}, electionId=null, setVersion=7, topologyVersion=TopologyVersion{processId=616f0b22c1de6a5e2a14b6b0, counter=3}, lastWriteDate=Thu Oct 28 01:25:36 SGT 2021, lastUpdateTimeNanos=34434139634367}
2021-10-28 01:25:36,308 INFO com.mongodb.diagnostics.logging.SLF4JLogger [cluster-ClusterId{value='61798b8f7b050a2b06bfc5ab', description='null'}-olive-shard-00-01.zxci7.mongodb.net:27017] Monitor thread successfully connected to server with description ServerDescription{address=olive-shard-00-01.zxci7.mongodb.net:27017, type=REPLICA_SET_PRIMARY, state=CONNECTED, ok=true, minWireVersion=0, maxWireVersion=9, maxDocumentSize=16777216, logicalSessionTimeoutMinutes=30, roundTripTimeNanos=166886767, setName='atlas-ili6hr-shard-0', canonicalAddress=olive-shard-00-01.zxci7.mongodb.net:27017, hosts=[olive-shard-00-01.zxci7.mongodb.net:27017, olive-shard-00-02.zxci7.mongodb.net:27017, olive-shard-00-00.zxci7.mongodb.net:27017], passives=[], arbiters=[], primary='olive-shard-00-01.zxci7.mongodb.net:27017', tagSet=TagSet{[Tag{name='nodeType', value='ELECTABLE'}, Tag{name='provider', value='AWS'}, Tag{name='region', value='AP_SOUTHEAST_1'}, Tag{name='workloadType', value='OPERATIONAL'}]}, electionId=7fffffff0000000000000069, setVersion=7, topologyVersion=TopologyVersion{processId=616f0abb17b424b8ba29f63e, counter=6}, lastWriteDate=Thu Oct 28 01:25:36 SGT 2021, lastUpdateTimeNanos=34434139623730}
2021-10-28 01:25:36,317 INFO com.mongodb.diagnostics.logging.SLF4JLogger [cluster-ClusterId{value='61798b8f7b050a2b06bfc5ab', description='null'}-olive-shard-00-01.zxci7.mongodb.net:27017] Setting max election id to 7fffffff0000000000000069 from replica set primary olive-shard-00-01.zxci7.mongodb.net:27017
2021-10-28 01:25:36,319 INFO com.mongodb.diagnostics.logging.SLF4JLogger [cluster-ClusterId{value='61798b8f7b050a2b06bfc5ab', description='null'}-olive-shard-00-01.zxci7.mongodb.net:27017] Setting max set version to 7 from replica set primary olive-shard-00-01.zxci7.mongodb.net:27017
2021-10-28 01:25:36,319 INFO com.mongodb.diagnostics.logging.SLF4JLogger [cluster-ClusterId{value='61798b8f7b050a2b06bfc5ab', description='null'}-olive-shard-00-01.zxci7.mongodb.net:27017] Discovered replica set primary olive-shard-00-01.zxci7.mongodb.net:27017
2021-10-28 01:25:36,491 INFO org.apache.juli.logging.DirectJDKLog [main] Starting ProtocolHandler ["http-nio-8080"]
2021-10-28 01:25:36,502 INFO org.springframework.boot.web.embedded.tomcat.TomcatWebServer [main] Tomcat started on port(s): 8080 (http) with context path ''
2021-10-28 01:25:36,510 INFO org.springframework.boot.StartupInfoLogger [main] Started OliveApplication in 2.418 seconds (JVM running for 2.772)
2021-10-28 01:25:40,179 INFO org.apache.juli.logging.DirectJDKLog [http-nio-8080-exec-1] Initializing Spring DispatcherServlet 'dispatcherServlet'
2021-10-28 01:25:40,179 INFO org.springframework.web.servlet.FrameworkServlet [http-nio-8080-exec-1] Initializing Servlet 'dispatcherServlet'
2021-10-28 01:25:40,180 INFO org.springframework.web.servlet.FrameworkServlet [http-nio-8080-exec-1] Completed initialization in 1 ms
2021-10-28 01:26:13,180 INFO org.springframework.boot.StartupInfoLogger [main] Starting OliveApplication using Java 16.0.1 on Seans-MBP with PID 27307 (/Users/sean/Desktop/codes/olive/target/classes started by sean in /Users/sean/Desktop/codes/olive)
2021-10-28 01:26:13,182 DEBUG org.springframework.boot.StartupInfoLogger [main] Running with Spring Boot v2.5.4, Spring v5.3.9
2021-10-28 01:26:13,183 INFO org.springframework.boot.SpringApplication [main] No active profile set, falling back to default profiles: default
2021-10-28 01:26:13,655 INFO org.springframework.data.repository.config.RepositoryConfigurationDelegate [main] Bootstrapping Spring Data MongoDB repositories in DEFAULT mode.
2021-10-28 01:26:13,715 INFO org.springframework.data.repository.config.RepositoryConfigurationDelegate [main] Finished Spring Data repository scanning in 55 ms. Found 3 MongoDB repository interfaces.
2021-10-28 01:26:14,222 INFO org.springframework.boot.web.embedded.tomcat.TomcatWebServer [main] Tomcat initialized with port(s): 8080 (http)
2021-10-28 01:26:14,232 INFO org.apache.juli.logging.DirectJDKLog [main] Initializing ProtocolHandler ["http-nio-8080"]
2021-10-28 01:26:14,233 INFO org.apache.juli.logging.DirectJDKLog [main] Starting service [Tomcat]
2021-10-28 01:26:14,233 INFO org.apache.juli.logging.DirectJDKLog [main] Starting Servlet engine: [Apache Tomcat/9.0.52]
2021-10-28 01:26:14,337 INFO org.apache.juli.logging.DirectJDKLog [main] Initializing Spring embedded WebApplicationContext
2021-10-28 01:26:14,337 INFO org.springframework.boot.web.servlet.context.ServletWebServerApplicationContext [main] Root WebApplicationContext: initialization completed in 1104 ms
2021-10-28 01:26:14,524 INFO com.mongodb.diagnostics.logging.SLF4JLogger [main] Cluster created with settings {hosts=[127.0.0.1:27017], srvHost=olive.zxci7.mongodb.net, mode=MULTIPLE, requiredClusterType=REPLICA_SET, serverSelectionTimeout='30000 ms', requiredReplicaSetName='atlas-ili6hr-shard-0'}
2021-10-28 01:26:14,535 INFO com.mongodb.diagnostics.logging.SLF4JLogger [cluster-ClusterId{value='61798bb67cb31c1b0e18c583', description='null'}-srv-olive.zxci7.mongodb.net] Adding discovered server olive-shard-00-00.zxci7.mongodb.net:27017 to client view of cluster
2021-10-28 01:26:14,558 INFO com.mongodb.diagnostics.logging.SLF4JLogger [cluster-ClusterId{value='61798bb67cb31c1b0e18c583', description='null'}-srv-olive.zxci7.mongodb.net] Adding discovered server olive-shard-00-01.zxci7.mongodb.net:27017 to client view of cluster
2021-10-28 01:26:14,559 INFO com.mongodb.diagnostics.logging.SLF4JLogger [cluster-ClusterId{value='61798bb67cb31c1b0e18c583', description='null'}-srv-olive.zxci7.mongodb.net] Adding discovered server olive-shard-00-02.zxci7.mongodb.net:27017 to client view of cluster
2021-10-28 01:26:14,901 INFO com.mongodb.diagnostics.logging.SLF4JLogger [cluster-rtt-ClusterId{value='61798bb67cb31c1b0e18c583', description='null'}-olive-shard-00-00.zxci7.mongodb.net:27017] Opened connection [connectionId{localValue:2, serverValue:239995}] to olive-shard-00-00.zxci7.mongodb.net:27017
2021-10-28 01:26:14,903 INFO com.mongodb.diagnostics.logging.SLF4JLogger [cluster-rtt-ClusterId{value='61798bb67cb31c1b0e18c583', description='null'}-olive-shard-00-02.zxci7.mongodb.net:27017] Opened connection [connectionId{localValue:6, serverValue:238771}] to olive-shard-00-02.zxci7.mongodb.net:27017
2021-10-28 01:26:14,903 INFO com.mongodb.diagnostics.logging.SLF4JLogger [cluster-rtt-ClusterId{value='61798bb67cb31c1b0e18c583', description='null'}-olive-shard-00-01.zxci7.mongodb.net:27017] Opened connection [connectionId{localValue:4, serverValue:254889}] to olive-shard-00-01.zxci7.mongodb.net:27017
2021-10-28 01:26:14,903 INFO com.mongodb.diagnostics.logging.SLF4JLogger [cluster-ClusterId{value='61798bb67cb31c1b0e18c583', description='null'}-olive-shard-00-02.zxci7.mongodb.net:27017] Opened connection [connectionId{localValue:3, serverValue:238771}] to olive-shard-00-02.zxci7.mongodb.net:27017
2021-10-28 01:26:14,903 INFO com.mongodb.diagnostics.logging.SLF4JLogger [cluster-ClusterId{value='61798bb67cb31c1b0e18c583', description='null'}-olive-shard-00-01.zxci7.mongodb.net:27017] Opened connection [connectionId{localValue:5, serverValue:254889}] to olive-shard-00-01.zxci7.mongodb.net:27017
2021-10-28 01:26:14,903 INFO com.mongodb.diagnostics.logging.SLF4JLogger [cluster-ClusterId{value='61798bb67cb31c1b0e18c583', description='null'}-olive-shard-00-00.zxci7.mongodb.net:27017] Opened connection [connectionId{localValue:1, serverValue:239995}] to olive-shard-00-00.zxci7.mongodb.net:27017
2021-10-28 01:26:14,903 INFO com.mongodb.diagnostics.logging.SLF4JLogger [cluster-ClusterId{value='61798bb67cb31c1b0e18c583', description='null'}-olive-shard-00-02.zxci7.mongodb.net:27017] Monitor thread successfully connected to server with description ServerDescription{address=olive-shard-00-02.zxci7.mongodb.net:27017, type=REPLICA_SET_SECONDARY, state=CONNECTED, ok=true, minWireVersion=0, maxWireVersion=9, maxDocumentSize=16777216, logicalSessionTimeoutMinutes=30, roundTripTimeNanos=200869105, setName='atlas-ili6hr-shard-0', canonicalAddress=olive-shard-00-02.zxci7.mongodb.net:27017, hosts=[olive-shard-00-01.zxci7.mongodb.net:27017, olive-shard-00-02.zxci7.mongodb.net:27017, olive-shard-00-00.zxci7.mongodb.net:27017], passives=[], arbiters=[], primary='olive-shard-00-01.zxci7.mongodb.net:27017', tagSet=TagSet{[Tag{name='nodeType', value='ELECTABLE'}, Tag{name='provider', value='AWS'}, Tag{name='region', value='AP_SOUTHEAST_1'}, Tag{name='workloadType', value='OPERATIONAL'}]}, electionId=null, setVersion=7, topologyVersion=TopologyVersion{processId=616f0b22c1de6a5e2a14b6b0, counter=3}, lastWriteDate=Thu Oct 28 01:26:14 SGT 2021, lastUpdateTimeNanos=34472736317389}
2021-10-28 01:26:14,904 INFO com.mongodb.diagnostics.logging.SLF4JLogger [cluster-ClusterId{value='61798bb67cb31c1b0e18c583', description='null'}-olive-shard-00-01.zxci7.mongodb.net:27017] Monitor thread successfully connected to server with description ServerDescription{address=olive-shard-00-01.zxci7.mongodb.net:27017, type=REPLICA_SET_PRIMARY, state=CONNECTED, ok=true, minWireVersion=0, maxWireVersion=9, maxDocumentSize=16777216, logicalSessionTimeoutMinutes=30, roundTripTimeNanos=200872396, setName='atlas-ili6hr-shard-0', canonicalAddress=olive-shard-00-01.zxci7.mongodb.net:27017, hosts=[olive-shard-00-01.zxci7.mongodb.net:27017, olive-shard-00-02.zxci7.mongodb.net:27017, olive-shard-00-00.zxci7.mongodb.net:27017], passives=[], arbiters=[], primary='olive-shard-00-01.zxci7.mongodb.net:27017', tagSet=TagSet{[Tag{name='nodeType', value='ELECTABLE'}, Tag{name='provider', value='AWS'}, Tag{name='region', value='AP_SOUTHEAST_1'}, Tag{name='workloadType', value='OPERATIONAL'}]}, electionId=7fffffff0000000000000069, setVersion=7, topologyVersion=TopologyVersion{processId=616f0abb17b424b8ba29f63e, counter=6}, lastWriteDate=Thu Oct 28 01:26:14 SGT 2021, lastUpdateTimeNanos=34472736205706}
2021-10-28 01:26:14,907 INFO com.mongodb.diagnostics.logging.SLF4JLogger [cluster-ClusterId{value='61798bb67cb31c1b0e18c583', description='null'}-olive-shard-00-00.zxci7.mongodb.net:27017] Monitor thread successfully connected to server with description ServerDescription{address=olive-shard-00-00.zxci7.mongodb.net:27017, type=REPLICA_SET_SECONDARY, state=CONNECTED, ok=true, minWireVersion=0, maxWireVersion=9, maxDocumentSize=16777216, logicalSessionTimeoutMinutes=30, roundTripTimeNanos=200587881, setName='atlas-ili6hr-shard-0', canonicalAddress=olive-shard-00-00.zxci7.mongodb.net:27017, hosts=[olive-shard-00-01.zxci7.mongodb.net:27017, olive-shard-00-02.zxci7.mongodb.net:27017, olive-shard-00-00.zxci7.mongodb.net:27017], passives=[], arbiters=[], primary='olive-shard-00-01.zxci7.mongodb.net:27017', tagSet=TagSet{[Tag{name='nodeType', value='ELECTABLE'}, Tag{name='provider', value='AWS'}, Tag{name='region', value='AP_SOUTHEAST_1'}, Tag{name='workloadType', value='OPERATIONAL'}]}, electionId=null, setVersion=7, topologyVersion=TopologyVersion{processId=616f0aa4b6f298e710abbe8d, counter=4}, lastWriteDate=Thu Oct 28 01:26:14 SGT 2021, lastUpdateTimeNanos=34472736261551}
2021-10-28 01:26:14,909 INFO com.mongodb.diagnostics.logging.SLF4JLogger [cluster-ClusterId{value='61798bb67cb31c1b0e18c583', description='null'}-olive-shard-00-01.zxci7.mongodb.net:27017] Setting max election id to 7fffffff0000000000000069 from replica set primary olive-shard-00-01.zxci7.mongodb.net:27017
2021-10-28 01:26:14,914 INFO com.mongodb.diagnostics.logging.SLF4JLogger [cluster-ClusterId{value='61798bb67cb31c1b0e18c583', description='null'}-olive-shard-00-01.zxci7.mongodb.net:27017] Setting max set version to 7 from replica set primary olive-shard-00-01.zxci7.mongodb.net:27017
2021-10-28 01:26:14,914 INFO com.mongodb.diagnostics.logging.SLF4JLogger [cluster-ClusterId{value='61798bb67cb31c1b0e18c583', description='null'}-olive-shard-00-01.zxci7.mongodb.net:27017] Discovered replica set primary olive-shard-00-01.zxci7.mongodb.net:27017
2021-10-28 01:26:15,184 INFO org.apache.juli.logging.DirectJDKLog [main] Starting ProtocolHandler ["http-nio-8080"]
2021-10-28 01:26:15,193 INFO org.springframework.boot.web.embedded.tomcat.TomcatWebServer [main] Tomcat started on port(s): 8080 (http) with context path ''
2021-10-28 01:26:15,202 INFO org.springframework.boot.StartupInfoLogger [main] Started OliveApplication in 2.439 seconds (JVM running for 2.79)
2021-10-28 01:26:17,740 INFO org.apache.juli.logging.DirectJDKLog [http-nio-8080-exec-2] Initializing Spring DispatcherServlet 'dispatcherServlet'
2021-10-28 01:26:17,741 INFO org.springframework.web.servlet.FrameworkServlet [http-nio-8080-exec-2] Initializing Servlet 'dispatcherServlet'
2021-10-28 01:26:17,742 INFO org.springframework.web.servlet.FrameworkServlet [http-nio-8080-exec-2] Completed initialization in 1 ms
2021-10-28 01:26:25,710 INFO com.mongodb.diagnostics.logging.SLF4JLogger [http-nio-8080-exec-4] Opened connection [connectionId{localValue:7, serverValue:254773}] to olive-shard-00-01.zxci7.mongodb.net:27017
2021-10-28 01:27:09,959 INFO com.mongodb.diagnostics.logging.SLF4JLogger [SpringApplicationShutdownHook] Closed connection [connectionId{localValue:7, serverValue:254773}] to olive-shard-00-01.zxci7.mongodb.net:27017 because the pool has been closed.
