2021-11-03 00:34:41,394 INFO org.springframework.boot.StartupInfoLogger [main] Starting OliveApplication using Java 16.0.1 on Seans-MBP with PID 11894 (/Users/sean/Desktop/codes/olive/target/classes started by sean in /Users/sean/Desktop/codes/olive)
2021-11-03 00:34:41,397 DEBUG org.springframework.boot.StartupInfoLogger [main] Running with Spring Boot v2.5.4, Spring v5.3.9
2021-11-03 00:34:41,397 INFO org.springframework.boot.SpringApplication [main] No active profile set, falling back to default profiles: default
2021-11-03 00:34:41,841 INFO org.springframework.data.repository.config.RepositoryConfigurationDelegate [main] Bootstrapping Spring Data MongoDB repositories in DEFAULT mode.
2021-11-03 00:34:41,888 INFO org.springframework.data.repository.config.RepositoryConfigurationDelegate [main] Finished Spring Data repository scanning in 43 ms. Found 3 MongoDB repository interfaces.
2021-11-03 00:34:42,517 INFO org.springframework.boot.web.embedded.tomcat.TomcatWebServer [main] Tomcat initialized with port(s): 8080 (http)
2021-11-03 00:34:42,527 INFO org.apache.juli.logging.DirectJDKLog [main] Initializing ProtocolHandler ["http-nio-8080"]
2021-11-03 00:34:42,528 INFO org.apache.juli.logging.DirectJDKLog [main] Starting service [Tomcat]
2021-11-03 00:34:42,529 INFO org.apache.juli.logging.DirectJDKLog [main] Starting Servlet engine: [Apache Tomcat/9.0.52]
2021-11-03 00:34:42,657 INFO org.apache.juli.logging.DirectJDKLog [main] Initializing Spring embedded WebApplicationContext
2021-11-03 00:34:42,658 INFO org.springframework.boot.web.servlet.context.ServletWebServerApplicationContext [main] Root WebApplicationContext: initialization completed in 1203 ms
2021-11-03 00:34:42,869 INFO com.mongodb.diagnostics.logging.SLF4JLogger [main] Cluster created with settings {hosts=[127.0.0.1:27017], srvHost=olive.zxci7.mongodb.net, mode=MULTIPLE, requiredClusterType=REPLICA_SET, serverSelectionTimeout='30000 ms', requiredReplicaSetName='atlas-ili6hr-shard-0'}
2021-11-03 00:34:42,881 INFO com.mongodb.diagnostics.logging.SLF4JLogger [cluster-ClusterId{value='618168a2d976ab6ac2be881e', description='null'}-srv-olive.zxci7.mongodb.net] Adding discovered server olive-shard-00-00.zxci7.mongodb.net:27017 to client view of cluster
2021-11-03 00:34:42,912 INFO com.mongodb.diagnostics.logging.SLF4JLogger [cluster-ClusterId{value='618168a2d976ab6ac2be881e', description='null'}-srv-olive.zxci7.mongodb.net] Adding discovered server olive-shard-00-01.zxci7.mongodb.net:27017 to client view of cluster
2021-11-03 00:34:42,914 INFO com.mongodb.diagnostics.logging.SLF4JLogger [cluster-ClusterId{value='618168a2d976ab6ac2be881e', description='null'}-srv-olive.zxci7.mongodb.net] Adding discovered server olive-shard-00-02.zxci7.mongodb.net:27017 to client view of cluster
2021-11-03 00:34:43,265 INFO com.mongodb.diagnostics.logging.SLF4JLogger [cluster-rtt-ClusterId{value='618168a2d976ab6ac2be881e', description='null'}-olive-shard-00-01.zxci7.mongodb.net:27017] Opened connection [connectionId{localValue:4, serverValue:454013}] to olive-shard-00-01.zxci7.mongodb.net:27017
2021-11-03 00:34:43,265 INFO com.mongodb.diagnostics.logging.SLF4JLogger [cluster-ClusterId{value='618168a2d976ab6ac2be881e', description='null'}-olive-shard-00-00.zxci7.mongodb.net:27017] Opened connection [connectionId{localValue:3, serverValue:428481}] to olive-shard-00-00.zxci7.mongodb.net:27017
2021-11-03 00:34:43,265 INFO com.mongodb.diagnostics.logging.SLF4JLogger [cluster-rtt-ClusterId{value='618168a2d976ab6ac2be881e', description='null'}-olive-shard-00-00.zxci7.mongodb.net:27017] Opened connection [connectionId{localValue:5, serverValue:428471}] to olive-shard-00-00.zxci7.mongodb.net:27017
2021-11-03 00:34:43,265 INFO com.mongodb.diagnostics.logging.SLF4JLogger [cluster-ClusterId{value='618168a2d976ab6ac2be881e', description='null'}-olive-shard-00-01.zxci7.mongodb.net:27017] Opened connection [connectionId{localValue:6, serverValue:454013}] to olive-shard-00-01.zxci7.mongodb.net:27017
2021-11-03 00:34:43,265 INFO com.mongodb.diagnostics.logging.SLF4JLogger [cluster-rtt-ClusterId{value='618168a2d976ab6ac2be881e', description='null'}-olive-shard-00-02.zxci7.mongodb.net:27017] Opened connection [connectionId{localValue:1, serverValue:426249}] to olive-shard-00-02.zxci7.mongodb.net:27017
2021-11-03 00:34:43,265 INFO com.mongodb.diagnostics.logging.SLF4JLogger [cluster-ClusterId{value='618168a2d976ab6ac2be881e', description='null'}-olive-shard-00-02.zxci7.mongodb.net:27017] Opened connection [connectionId{localValue:2, serverValue:426248}] to olive-shard-00-02.zxci7.mongodb.net:27017
2021-11-03 00:34:43,266 INFO com.mongodb.diagnostics.logging.SLF4JLogger [cluster-ClusterId{value='618168a2d976ab6ac2be881e', description='null'}-olive-shard-00-01.zxci7.mongodb.net:27017] Monitor thread successfully connected to server with description ServerDescription{address=olive-shard-00-01.zxci7.mongodb.net:27017, type=REPLICA_SET_PRIMARY, state=CONNECTED, ok=true, minWireVersion=0, maxWireVersion=9, maxDocumentSize=16777216, logicalSessionTimeoutMinutes=30, roundTripTimeNanos=162564758, setName='atlas-ili6hr-shard-0', canonicalAddress=olive-shard-00-01.zxci7.mongodb.net:27017, hosts=[olive-shard-00-01.zxci7.mongodb.net:27017, olive-shard-00-02.zxci7.mongodb.net:27017, olive-shard-00-00.zxci7.mongodb.net:27017], passives=[], arbiters=[], primary='olive-shard-00-01.zxci7.mongodb.net:27017', tagSet=TagSet{[Tag{name='nodeType', value='ELECTABLE'}, Tag{name='provider', value='AWS'}, Tag{name='region', value='AP_SOUTHEAST_1'}, Tag{name='workloadType', value='OPERATIONAL'}]}, electionId=7fffffff0000000000000069, setVersion=7, topologyVersion=TopologyVersion{processId=616f0abb17b424b8ba29f63e, counter=6}, lastWriteDate=Wed Nov 03 00:34:43 SGT 2021, lastUpdateTimeNanos=279919276710128}
2021-11-03 00:34:43,266 INFO com.mongodb.diagnostics.logging.SLF4JLogger [cluster-ClusterId{value='618168a2d976ab6ac2be881e', description='null'}-olive-shard-00-00.zxci7.mongodb.net:27017] Monitor thread successfully connected to server with description ServerDescription{address=olive-shard-00-00.zxci7.mongodb.net:27017, type=REPLICA_SET_SECONDARY, state=CONNECTED, ok=true, minWireVersion=0, maxWireVersion=9, maxDocumentSize=16777216, logicalSessionTimeoutMinutes=30, roundTripTimeNanos=162664518, setName='atlas-ili6hr-shard-0', canonicalAddress=olive-shard-00-00.zxci7.mongodb.net:27017, hosts=[olive-shard-00-01.zxci7.mongodb.net:27017, olive-shard-00-02.zxci7.mongodb.net:27017, olive-shard-00-00.zxci7.mongodb.net:27017], passives=[], arbiters=[], primary='olive-shard-00-01.zxci7.mongodb.net:27017', tagSet=TagSet{[Tag{name='nodeType', value='ELECTABLE'}, Tag{name='provider', value='AWS'}, Tag{name='region', value='AP_SOUTHEAST_1'}, Tag{name='workloadType', value='OPERATIONAL'}]}, electionId=null, setVersion=7, topologyVersion=TopologyVersion{processId=616f0aa4b6f298e710abbe8d, counter=4}, lastWriteDate=Wed Nov 03 00:34:43 SGT 2021, lastUpdateTimeNanos=279919276699523}
2021-11-03 00:34:43,268 INFO com.mongodb.diagnostics.logging.SLF4JLogger [cluster-ClusterId{value='618168a2d976ab6ac2be881e', description='null'}-olive-shard-00-02.zxci7.mongodb.net:27017] Monitor thread successfully connected to server with description ServerDescription{address=olive-shard-00-02.zxci7.mongodb.net:27017, type=REPLICA_SET_SECONDARY, state=CONNECTED, ok=true, minWireVersion=0, maxWireVersion=9, maxDocumentSize=16777216, logicalSessionTimeoutMinutes=30, roundTripTimeNanos=162141169, setName='atlas-ili6hr-shard-0', canonicalAddress=olive-shard-00-02.zxci7.mongodb.net:27017, hosts=[olive-shard-00-01.zxci7.mongodb.net:27017, olive-shard-00-02.zxci7.mongodb.net:27017, olive-shard-00-00.zxci7.mongodb.net:27017], passives=[], arbiters=[], primary='olive-shard-00-01.zxci7.mongodb.net:27017', tagSet=TagSet{[Tag{name='nodeType', value='ELECTABLE'}, Tag{name='provider', value='AWS'}, Tag{name='region', value='AP_SOUTHEAST_1'}, Tag{name='workloadType', value='OPERATIONAL'}]}, electionId=null, setVersion=7, topologyVersion=TopologyVersion{processId=616f0b22c1de6a5e2a14b6b0, counter=3}, lastWriteDate=Wed Nov 03 00:34:43 SGT 2021, lastUpdateTimeNanos=279919276757170}
2021-11-03 00:34:43,272 INFO com.mongodb.diagnostics.logging.SLF4JLogger [cluster-ClusterId{value='618168a2d976ab6ac2be881e', description='null'}-olive-shard-00-01.zxci7.mongodb.net:27017] Setting max election id to 7fffffff0000000000000069 from replica set primary olive-shard-00-01.zxci7.mongodb.net:27017
2021-11-03 00:34:43,276 INFO com.mongodb.diagnostics.logging.SLF4JLogger [cluster-ClusterId{value='618168a2d976ab6ac2be881e', description='null'}-olive-shard-00-01.zxci7.mongodb.net:27017] Setting max set version to 7 from replica set primary olive-shard-00-01.zxci7.mongodb.net:27017
2021-11-03 00:34:43,277 INFO com.mongodb.diagnostics.logging.SLF4JLogger [cluster-ClusterId{value='618168a2d976ab6ac2be881e', description='null'}-olive-shard-00-01.zxci7.mongodb.net:27017] Discovered replica set primary olive-shard-00-01.zxci7.mongodb.net:27017
2021-11-03 00:34:43,563 INFO org.apache.juli.logging.DirectJDKLog [main] Starting ProtocolHandler ["http-nio-8080"]
2021-11-03 00:34:43,575 INFO org.springframework.boot.web.embedded.tomcat.TomcatWebServer [main] Tomcat started on port(s): 8080 (http) with context path ''
2021-11-03 00:34:43,585 INFO org.springframework.boot.StartupInfoLogger [main] Started OliveApplication in 2.649 seconds (JVM running for 3.026)
2021-11-03 00:34:54,396 INFO org.apache.juli.logging.DirectJDKLog [http-nio-8080-exec-1] Initializing Spring DispatcherServlet 'dispatcherServlet'
2021-11-03 00:34:54,397 INFO org.springframework.web.servlet.FrameworkServlet [http-nio-8080-exec-1] Initializing Servlet 'dispatcherServlet'
2021-11-03 00:34:54,397 INFO org.springframework.web.servlet.FrameworkServlet [http-nio-8080-exec-1] Completed initialization in 0 ms
2021-11-03 00:35:59,100 INFO org.springframework.boot.StartupInfoLogger [main] Starting OliveApplication using Java 16.0.1 on Seans-MBP with PID 11984 (/Users/sean/Desktop/codes/olive/target/classes started by sean in /Users/sean/Desktop/codes/olive)
2021-11-03 00:35:59,102 DEBUG org.springframework.boot.StartupInfoLogger [main] Running with Spring Boot v2.5.4, Spring v5.3.9
2021-11-03 00:35:59,102 INFO org.springframework.boot.SpringApplication [main] No active profile set, falling back to default profiles: default
2021-11-03 00:35:59,495 INFO org.springframework.data.repository.config.RepositoryConfigurationDelegate [main] Bootstrapping Spring Data MongoDB repositories in DEFAULT mode.
2021-11-03 00:35:59,542 INFO org.springframework.data.repository.config.RepositoryConfigurationDelegate [main] Finished Spring Data repository scanning in 42 ms. Found 3 MongoDB repository interfaces.
2021-11-03 00:36:00,071 INFO org.springframework.boot.web.embedded.tomcat.TomcatWebServer [main] Tomcat initialized with port(s): 8080 (http)
2021-11-03 00:36:00,086 INFO org.apache.juli.logging.DirectJDKLog [main] Initializing ProtocolHandler ["http-nio-8080"]
2021-11-03 00:36:00,086 INFO org.apache.juli.logging.DirectJDKLog [main] Starting service [Tomcat]
2021-11-03 00:36:00,087 INFO org.apache.juli.logging.DirectJDKLog [main] Starting Servlet engine: [Apache Tomcat/9.0.52]
2021-11-03 00:36:00,187 INFO org.apache.juli.logging.DirectJDKLog [main] Initializing Spring embedded WebApplicationContext
2021-11-03 00:36:00,187 INFO org.springframework.boot.web.servlet.context.ServletWebServerApplicationContext [main] Root WebApplicationContext: initialization completed in 1037 ms
2021-11-03 00:36:00,386 INFO com.mongodb.diagnostics.logging.SLF4JLogger [main] Cluster created with settings {hosts=[127.0.0.1:27017], srvHost=olive.zxci7.mongodb.net, mode=MULTIPLE, requiredClusterType=REPLICA_SET, serverSelectionTimeout='30000 ms', requiredReplicaSetName='atlas-ili6hr-shard-0'}
2021-11-03 00:36:00,398 INFO com.mongodb.diagnostics.logging.SLF4JLogger [cluster-ClusterId{value='618168f0403385468f9969e4', description='null'}-srv-olive.zxci7.mongodb.net] Adding discovered server olive-shard-00-00.zxci7.mongodb.net:27017 to client view of cluster
2021-11-03 00:36:00,427 INFO com.mongodb.diagnostics.logging.SLF4JLogger [cluster-ClusterId{value='618168f0403385468f9969e4', description='null'}-srv-olive.zxci7.mongodb.net] Adding discovered server olive-shard-00-01.zxci7.mongodb.net:27017 to client view of cluster
2021-11-03 00:36:00,428 INFO com.mongodb.diagnostics.logging.SLF4JLogger [cluster-ClusterId{value='618168f0403385468f9969e4', description='null'}-srv-olive.zxci7.mongodb.net] Adding discovered server olive-shard-00-02.zxci7.mongodb.net:27017 to client view of cluster
2021-11-03 00:36:00,717 INFO com.mongodb.diagnostics.logging.SLF4JLogger [cluster-rtt-ClusterId{value='618168f0403385468f9969e4', description='null'}-olive-shard-00-00.zxci7.mongodb.net:27017] Opened connection [connectionId{localValue:6, serverValue:428512}] to olive-shard-00-00.zxci7.mongodb.net:27017
2021-11-03 00:36:00,717 INFO com.mongodb.diagnostics.logging.SLF4JLogger [cluster-ClusterId{value='618168f0403385468f9969e4', description='null'}-olive-shard-00-00.zxci7.mongodb.net:27017] Opened connection [connectionId{localValue:5, serverValue:428513}] to olive-shard-00-00.zxci7.mongodb.net:27017
2021-11-03 00:36:00,718 INFO com.mongodb.diagnostics.logging.SLF4JLogger [cluster-ClusterId{value='618168f0403385468f9969e4', description='null'}-olive-shard-00-00.zxci7.mongodb.net:27017] Monitor thread successfully connected to server with description ServerDescription{address=olive-shard-00-00.zxci7.mongodb.net:27017, type=REPLICA_SET_SECONDARY, state=CONNECTED, ok=true, minWireVersion=0, maxWireVersion=9, maxDocumentSize=16777216, logicalSessionTimeoutMinutes=30, roundTripTimeNanos=151074926, setName='atlas-ili6hr-shard-0', canonicalAddress=olive-shard-00-00.zxci7.mongodb.net:27017, hosts=[olive-shard-00-01.zxci7.mongodb.net:27017, olive-shard-00-02.zxci7.mongodb.net:27017, olive-shard-00-00.zxci7.mongodb.net:27017], passives=[], arbiters=[], primary='olive-shard-00-01.zxci7.mongodb.net:27017', tagSet=TagSet{[Tag{name='nodeType', value='ELECTABLE'}, Tag{name='provider', value='AWS'}, Tag{name='region', value='AP_SOUTHEAST_1'}, Tag{name='workloadType', value='OPERATIONAL'}]}, electionId=null, setVersion=7, topologyVersion=TopologyVersion{processId=616f0aa4b6f298e710abbe8d, counter=4}, lastWriteDate=Wed Nov 03 00:36:00 SGT 2021, lastUpdateTimeNanos=279996728060113}
2021-11-03 00:36:00,718 INFO com.mongodb.diagnostics.logging.SLF4JLogger [cluster-ClusterId{value='618168f0403385468f9969e4', description='null'}-olive-shard-00-01.zxci7.mongodb.net:27017] Opened connection [connectionId{localValue:2, serverValue:454036}] to olive-shard-00-01.zxci7.mongodb.net:27017
2021-11-03 00:36:00,718 INFO com.mongodb.diagnostics.logging.SLF4JLogger [cluster-rtt-ClusterId{value='618168f0403385468f9969e4', description='null'}-olive-shard-00-02.zxci7.mongodb.net:27017] Opened connection [connectionId{localValue:4, serverValue:426278}] to olive-shard-00-02.zxci7.mongodb.net:27017
2021-11-03 00:36:00,718 INFO com.mongodb.diagnostics.logging.SLF4JLogger [cluster-ClusterId{value='618168f0403385468f9969e4', description='null'}-olive-shard-00-02.zxci7.mongodb.net:27017] Opened connection [connectionId{localValue:3, serverValue:426279}] to olive-shard-00-02.zxci7.mongodb.net:27017
2021-11-03 00:36:00,718 INFO com.mongodb.diagnostics.logging.SLF4JLogger [cluster-rtt-ClusterId{value='618168f0403385468f9969e4', description='null'}-olive-shard-00-01.zxci7.mongodb.net:27017] Opened connection [connectionId{localValue:1, serverValue:454051}] to olive-shard-00-01.zxci7.mongodb.net:27017
2021-11-03 00:36:00,719 INFO com.mongodb.diagnostics.logging.SLF4JLogger [cluster-ClusterId{value='618168f0403385468f9969e4', description='null'}-olive-shard-00-01.zxci7.mongodb.net:27017] Monitor thread successfully connected to server with description ServerDescription{address=olive-shard-00-01.zxci7.mongodb.net:27017, type=REPLICA_SET_PRIMARY, state=CONNECTED, ok=true, minWireVersion=0, maxWireVersion=9, maxDocumentSize=16777216, logicalSessionTimeoutMinutes=30, roundTripTimeNanos=151108991, setName='atlas-ili6hr-shard-0', canonicalAddress=olive-shard-00-01.zxci7.mongodb.net:27017, hosts=[olive-shard-00-01.zxci7.mongodb.net:27017, olive-shard-00-02.zxci7.mongodb.net:27017, olive-shard-00-00.zxci7.mongodb.net:27017], passives=[], arbiters=[], primary='olive-shard-00-01.zxci7.mongodb.net:27017', tagSet=TagSet{[Tag{name='nodeType', value='ELECTABLE'}, Tag{name='provider', value='AWS'}, Tag{name='region', value='AP_SOUTHEAST_1'}, Tag{name='workloadType', value='OPERATIONAL'}]}, electionId=7fffffff0000000000000069, setVersion=7, topologyVersion=TopologyVersion{processId=616f0abb17b424b8ba29f63e, counter=6}, lastWriteDate=Wed Nov 03 00:36:00 SGT 2021, lastUpdateTimeNanos=279996728096073}
2021-11-03 00:36:00,724 INFO com.mongodb.diagnostics.logging.SLF4JLogger [cluster-ClusterId{value='618168f0403385468f9969e4', description='null'}-olive-shard-00-02.zxci7.mongodb.net:27017] Monitor thread successfully connected to server with description ServerDescription{address=olive-shard-00-02.zxci7.mongodb.net:27017, type=REPLICA_SET_SECONDARY, state=CONNECTED, ok=true, minWireVersion=0, maxWireVersion=9, maxDocumentSize=16777216, logicalSessionTimeoutMinutes=30, roundTripTimeNanos=151239905, setName='atlas-ili6hr-shard-0', canonicalAddress=olive-shard-00-02.zxci7.mongodb.net:27017, hosts=[olive-shard-00-01.zxci7.mongodb.net:27017, olive-shard-00-02.zxci7.mongodb.net:27017, olive-shard-00-00.zxci7.mongodb.net:27017], passives=[], arbiters=[], primary='olive-shard-00-01.zxci7.mongodb.net:27017', tagSet=TagSet{[Tag{name='nodeType', value='ELECTABLE'}, Tag{name='provider', value='AWS'}, Tag{name='region', value='AP_SOUTHEAST_1'}, Tag{name='workloadType', value='OPERATIONAL'}]}, electionId=null, setVersion=7, topologyVersion=TopologyVersion{processId=616f0b22c1de6a5e2a14b6b0, counter=3}, lastWriteDate=Wed Nov 03 00:36:00 SGT 2021, lastUpdateTimeNanos=279996728146933}
2021-11-03 00:36:00,724 INFO com.mongodb.diagnostics.logging.SLF4JLogger [cluster-ClusterId{value='618168f0403385468f9969e4', description='null'}-olive-shard-00-01.zxci7.mongodb.net:27017] Setting max election id to 7fffffff0000000000000069 from replica set primary olive-shard-00-01.zxci7.mongodb.net:27017
2021-11-03 00:36:00,726 INFO com.mongodb.diagnostics.logging.SLF4JLogger [cluster-ClusterId{value='618168f0403385468f9969e4', description='null'}-olive-shard-00-01.zxci7.mongodb.net:27017] Setting max set version to 7 from replica set primary olive-shard-00-01.zxci7.mongodb.net:27017
2021-11-03 00:36:00,728 INFO com.mongodb.diagnostics.logging.SLF4JLogger [cluster-ClusterId{value='618168f0403385468f9969e4', description='null'}-olive-shard-00-01.zxci7.mongodb.net:27017] Discovered replica set primary olive-shard-00-01.zxci7.mongodb.net:27017
2021-11-03 00:36:00,973 INFO org.apache.juli.logging.DirectJDKLog [main] Starting ProtocolHandler ["http-nio-8080"]
2021-11-03 00:36:00,984 INFO org.springframework.boot.web.embedded.tomcat.TomcatWebServer [main] Tomcat started on port(s): 8080 (http) with context path ''
2021-11-03 00:36:00,993 INFO org.springframework.boot.StartupInfoLogger [main] Started OliveApplication in 2.312 seconds (JVM running for 2.66)
2021-11-03 00:36:05,140 INFO org.apache.juli.logging.DirectJDKLog [http-nio-8080-exec-2] Initializing Spring DispatcherServlet 'dispatcherServlet'
2021-11-03 00:36:05,140 INFO org.springframework.web.servlet.FrameworkServlet [http-nio-8080-exec-2] Initializing Servlet 'dispatcherServlet'
2021-11-03 00:36:05,141 INFO org.springframework.web.servlet.FrameworkServlet [http-nio-8080-exec-2] Completed initialization in 1 ms
2021-11-03 21:26:14,161 INFO org.springframework.boot.StartupInfoLogger [main] Starting OliveApplication using Java 16.0.1 on Seans-MBP with PID 18496 (/Users/sean/Desktop/codes/olive/target/classes started by sean in /Users/sean/Desktop/codes/olive)
2021-11-03 21:26:14,164 DEBUG org.springframework.boot.StartupInfoLogger [main] Running with Spring Boot v2.5.4, Spring v5.3.9
2021-11-03 21:26:14,165 INFO org.springframework.boot.SpringApplication [main] No active profile set, falling back to default profiles: default
2021-11-03 21:26:14,862 INFO org.springframework.data.repository.config.RepositoryConfigurationDelegate [main] Bootstrapping Spring Data MongoDB repositories in DEFAULT mode.
2021-11-03 21:26:14,942 INFO org.springframework.data.repository.config.RepositoryConfigurationDelegate [main] Finished Spring Data repository scanning in 74 ms. Found 3 MongoDB repository interfaces.
2021-11-03 21:26:15,583 INFO org.springframework.boot.web.embedded.tomcat.TomcatWebServer [main] Tomcat initialized with port(s): 8080 (http)
2021-11-03 21:26:15,598 INFO org.apache.juli.logging.DirectJDKLog [main] Initializing ProtocolHandler ["http-nio-8080"]
2021-11-03 21:26:15,599 INFO org.apache.juli.logging.DirectJDKLog [main] Starting service [Tomcat]
2021-11-03 21:26:15,600 INFO org.apache.juli.logging.DirectJDKLog [main] Starting Servlet engine: [Apache Tomcat/9.0.52]
2021-11-03 21:26:15,723 INFO org.apache.juli.logging.DirectJDKLog [main] Initializing Spring embedded WebApplicationContext
2021-11-03 21:26:15,724 INFO org.springframework.boot.web.servlet.context.ServletWebServerApplicationContext [main] Root WebApplicationContext: initialization completed in 1442 ms
2021-11-03 21:26:15,951 INFO com.mongodb.diagnostics.logging.SLF4JLogger [main] Cluster created with settings {hosts=[127.0.0.1:27017], srvHost=olive.zxci7.mongodb.net, mode=MULTIPLE, requiredClusterType=REPLICA_SET, serverSelectionTimeout='30000 ms', requiredReplicaSetName='atlas-ili6hr-shard-0'}
2021-11-03 21:26:15,964 INFO com.mongodb.diagnostics.logging.SLF4JLogger [cluster-ClusterId{value='61828df7530e2c14e4e8a3a4', description='null'}-srv-olive.zxci7.mongodb.net] Adding discovered server olive-shard-00-00.zxci7.mongodb.net:27017 to client view of cluster
2021-11-03 21:26:15,999 INFO com.mongodb.diagnostics.logging.SLF4JLogger [cluster-ClusterId{value='61828df7530e2c14e4e8a3a4', description='null'}-srv-olive.zxci7.mongodb.net] Adding discovered server olive-shard-00-01.zxci7.mongodb.net:27017 to client view of cluster
2021-11-03 21:26:16,001 INFO com.mongodb.diagnostics.logging.SLF4JLogger [cluster-ClusterId{value='61828df7530e2c14e4e8a3a4', description='null'}-srv-olive.zxci7.mongodb.net] Adding discovered server olive-shard-00-02.zxci7.mongodb.net:27017 to client view of cluster
2021-11-03 21:26:16,498 INFO com.mongodb.diagnostics.logging.SLF4JLogger [cluster-rtt-ClusterId{value='61828df7530e2c14e4e8a3a4', description='null'}-olive-shard-00-00.zxci7.mongodb.net:27017] Opened connection [connectionId{localValue:2, serverValue:464063}] to olive-shard-00-00.zxci7.mongodb.net:27017
2021-11-03 21:26:16,498 INFO com.mongodb.diagnostics.logging.SLF4JLogger [cluster-ClusterId{value='61828df7530e2c14e4e8a3a4', description='null'}-olive-shard-00-01.zxci7.mongodb.net:27017] Opened connection [connectionId{localValue:1, serverValue:490624}] to olive-shard-00-01.zxci7.mongodb.net:27017
2021-11-03 21:26:16,498 INFO com.mongodb.diagnostics.logging.SLF4JLogger [cluster-ClusterId{value='61828df7530e2c14e4e8a3a4', description='null'}-olive-shard-00-02.zxci7.mongodb.net:27017] Opened connection [connectionId{localValue:3, serverValue:461626}] to olive-shard-00-02.zxci7.mongodb.net:27017
2021-11-03 21:26:16,499 INFO com.mongodb.diagnostics.logging.SLF4JLogger [cluster-ClusterId{value='61828df7530e2c14e4e8a3a4', description='null'}-olive-shard-00-01.zxci7.mongodb.net:27017] Monitor thread successfully connected to server with description ServerDescription{address=olive-shard-00-01.zxci7.mongodb.net:27017, type=REPLICA_SET_PRIMARY, state=CONNECTED, ok=true, minWireVersion=0, maxWireVersion=9, maxDocumentSize=16777216, logicalSessionTimeoutMinutes=30, roundTripTimeNanos=207760382, setName='atlas-ili6hr-shard-0', canonicalAddress=olive-shard-00-01.zxci7.mongodb.net:27017, hosts=[olive-shard-00-01.zxci7.mongodb.net:27017, olive-shard-00-02.zxci7.mongodb.net:27017, olive-shard-00-00.zxci7.mongodb.net:27017], passives=[], arbiters=[], primary='olive-shard-00-01.zxci7.mongodb.net:27017', tagSet=TagSet{[Tag{name='nodeType', value='ELECTABLE'}, Tag{name='provider', value='AWS'}, Tag{name='region', value='AP_SOUTHEAST_1'}, Tag{name='workloadType', value='OPERATIONAL'}]}, electionId=7fffffff0000000000000069, setVersion=7, topologyVersion=TopologyVersion{processId=616f0abb17b424b8ba29f63e, counter=6}, lastWriteDate=Wed Nov 03 21:26:16 SGT 2021, lastUpdateTimeNanos=307278455037044}
2021-11-03 21:26:16,498 INFO com.mongodb.diagnostics.logging.SLF4JLogger [cluster-rtt-ClusterId{value='61828df7530e2c14e4e8a3a4', description='null'}-olive-shard-00-01.zxci7.mongodb.net:27017] Opened connection [connectionId{localValue:4, serverValue:490555}] to olive-shard-00-01.zxci7.mongodb.net:27017
2021-11-03 21:26:16,498 INFO com.mongodb.diagnostics.logging.SLF4JLogger [cluster-rtt-ClusterId{value='61828df7530e2c14e4e8a3a4', description='null'}-olive-shard-00-02.zxci7.mongodb.net:27017] Opened connection [connectionId{localValue:6, serverValue:461625}] to olive-shard-00-02.zxci7.mongodb.net:27017
2021-11-03 21:26:16,498 INFO com.mongodb.diagnostics.logging.SLF4JLogger [cluster-ClusterId{value='61828df7530e2c14e4e8a3a4', description='null'}-olive-shard-00-00.zxci7.mongodb.net:27017] Opened connection [connectionId{localValue:5, serverValue:464064}] to olive-shard-00-00.zxci7.mongodb.net:27017
2021-11-03 21:26:16,500 INFO com.mongodb.diagnostics.logging.SLF4JLogger [cluster-ClusterId{value='61828df7530e2c14e4e8a3a4', description='null'}-olive-shard-00-02.zxci7.mongodb.net:27017] Monitor thread successfully connected to server with description ServerDescription{address=olive-shard-00-02.zxci7.mongodb.net:27017, type=REPLICA_SET_SECONDARY, state=CONNECTED, ok=true, minWireVersion=0, maxWireVersion=9, maxDocumentSize=16777216, logicalSessionTimeoutMinutes=30, roundTripTimeNanos=207970171, setName='atlas-ili6hr-shard-0', canonicalAddress=olive-shard-00-02.zxci7.mongodb.net:27017, hosts=[olive-shard-00-01.zxci7.mongodb.net:27017, olive-shard-00-02.zxci7.mongodb.net:27017, olive-shard-00-00.zxci7.mongodb.net:27017], passives=[], arbiters=[], primary='olive-shard-00-01.zxci7.mongodb.net:27017', tagSet=TagSet{[Tag{name='nodeType', value='ELECTABLE'}, Tag{name='provider', value='AWS'}, Tag{name='region', value='AP_SOUTHEAST_1'}, Tag{name='workloadType', value='OPERATIONAL'}]}, electionId=null, setVersion=7, topologyVersion=TopologyVersion{processId=616f0b22c1de6a5e2a14b6b0, counter=3}, lastWriteDate=Wed Nov 03 21:26:16 SGT 2021, lastUpdateTimeNanos=307278454542435}
2021-11-03 21:26:16,506 INFO com.mongodb.diagnostics.logging.SLF4JLogger [cluster-ClusterId{value='61828df7530e2c14e4e8a3a4', description='null'}-olive-shard-00-01.zxci7.mongodb.net:27017] Setting max election id to 7fffffff0000000000000069 from replica set primary olive-shard-00-01.zxci7.mongodb.net:27017
2021-11-03 21:26:16,507 INFO com.mongodb.diagnostics.logging.SLF4JLogger [cluster-ClusterId{value='61828df7530e2c14e4e8a3a4', description='null'}-olive-shard-00-00.zxci7.mongodb.net:27017] Monitor thread successfully connected to server with description ServerDescription{address=olive-shard-00-00.zxci7.mongodb.net:27017, type=REPLICA_SET_SECONDARY, state=CONNECTED, ok=true, minWireVersion=0, maxWireVersion=9, maxDocumentSize=16777216, logicalSessionTimeoutMinutes=30, roundTripTimeNanos=208882933, setName='atlas-ili6hr-shard-0', canonicalAddress=olive-shard-00-00.zxci7.mongodb.net:27017, hosts=[olive-shard-00-01.zxci7.mongodb.net:27017, olive-shard-00-02.zxci7.mongodb.net:27017, olive-shard-00-00.zxci7.mongodb.net:27017], passives=[], arbiters=[], primary='olive-shard-00-01.zxci7.mongodb.net:27017', tagSet=TagSet{[Tag{name='nodeType', value='ELECTABLE'}, Tag{name='provider', value='AWS'}, Tag{name='region', value='AP_SOUTHEAST_1'}, Tag{name='workloadType', value='OPERATIONAL'}]}, electionId=null, setVersion=7, topologyVersion=TopologyVersion{processId=616f0aa4b6f298e710abbe8d, counter=4}, lastWriteDate=Wed Nov 03 21:26:16 SGT 2021, lastUpdateTimeNanos=307278453446503}
2021-11-03 21:26:16,510 INFO com.mongodb.diagnostics.logging.SLF4JLogger [cluster-ClusterId{value='61828df7530e2c14e4e8a3a4', description='null'}-olive-shard-00-01.zxci7.mongodb.net:27017] Setting max set version to 7 from replica set primary olive-shard-00-01.zxci7.mongodb.net:27017
2021-11-03 21:26:16,517 INFO com.mongodb.diagnostics.logging.SLF4JLogger [cluster-ClusterId{value='61828df7530e2c14e4e8a3a4', description='null'}-olive-shard-00-01.zxci7.mongodb.net:27017] Discovered replica set primary olive-shard-00-01.zxci7.mongodb.net:27017
2021-11-03 21:26:16,787 INFO org.apache.juli.logging.DirectJDKLog [main] Starting ProtocolHandler ["http-nio-8080"]
2021-11-03 21:26:16,801 INFO org.springframework.boot.web.embedded.tomcat.TomcatWebServer [main] Tomcat started on port(s): 8080 (http) with context path ''
2021-11-03 21:26:16,813 INFO org.springframework.boot.StartupInfoLogger [main] Started OliveApplication in 3.208 seconds (JVM running for 3.704)
2021-11-03 21:26:30,215 INFO org.apache.juli.logging.DirectJDKLog [http-nio-8080-exec-1] Initializing Spring DispatcherServlet 'dispatcherServlet'
2021-11-03 21:26:30,216 INFO org.springframework.web.servlet.FrameworkServlet [http-nio-8080-exec-1] Initializing Servlet 'dispatcherServlet'
2021-11-03 21:26:30,217 INFO org.springframework.web.servlet.FrameworkServlet [http-nio-8080-exec-1] Completed initialization in 1 ms
