2021-10-29 11:18:24,539 INFO org.springframework.boot.StartupInfoLogger [main] Starting OliveApplication using Java 16.0.1 on Seans-MBP with PID 38690 (/Users/sean/Desktop/codes/olive/target/classes started by sean in /Users/sean/Desktop/codes/olive)
2021-10-29 11:18:24,542 DEBUG org.springframework.boot.StartupInfoLogger [main] Running with Spring Boot v2.5.4, Spring v5.3.9
2021-10-29 11:18:24,543 INFO org.springframework.boot.SpringApplication [main] No active profile set, falling back to default profiles: default
2021-10-29 11:18:24,963 INFO org.springframework.data.repository.config.RepositoryConfigurationDelegate [main] Bootstrapping Spring Data MongoDB repositories in DEFAULT mode.
2021-10-29 11:18:25,018 INFO org.springframework.data.repository.config.RepositoryConfigurationDelegate [main] Finished Spring Data repository scanning in 50 ms. Found 3 MongoDB repository interfaces.
2021-10-29 11:18:25,541 INFO org.springframework.boot.web.embedded.tomcat.TomcatWebServer [main] Tomcat initialized with port(s): 8080 (http)
2021-10-29 11:18:25,554 INFO org.apache.juli.logging.DirectJDKLog [main] Initializing ProtocolHandler ["http-nio-8080"]
2021-10-29 11:18:25,555 INFO org.apache.juli.logging.DirectJDKLog [main] Starting service [Tomcat]
2021-10-29 11:18:25,555 INFO org.apache.juli.logging.DirectJDKLog [main] Starting Servlet engine: [Apache Tomcat/9.0.52]
2021-10-29 11:18:25,654 INFO org.apache.juli.logging.DirectJDKLog [main] Initializing Spring embedded WebApplicationContext
2021-10-29 11:18:25,654 INFO org.springframework.boot.web.servlet.context.ServletWebServerApplicationContext [main] Root WebApplicationContext: initialization completed in 1052 ms
2021-10-29 11:18:25,910 INFO com.mongodb.diagnostics.logging.SLF4JLogger [main] Cluster created with settings {hosts=[127.0.0.1:27017], srvHost=olive.zxci7.mongodb.net, mode=MULTIPLE, requiredClusterType=REPLICA_SET, serverSelectionTimeout='30000 ms', requiredReplicaSetName='atlas-ili6hr-shard-0'}
2021-10-29 11:18:25,956 INFO com.mongodb.diagnostics.logging.SLF4JLogger [cluster-ClusterId{value='617b680150af0a1b5d023eb3', description='null'}-srv-olive.zxci7.mongodb.net] Adding discovered server olive-shard-00-00.zxci7.mongodb.net:27017 to client view of cluster
2021-10-29 11:18:25,986 INFO com.mongodb.diagnostics.logging.SLF4JLogger [cluster-ClusterId{value='617b680150af0a1b5d023eb3', description='null'}-srv-olive.zxci7.mongodb.net] Adding discovered server olive-shard-00-01.zxci7.mongodb.net:27017 to client view of cluster
2021-10-29 11:18:25,987 INFO com.mongodb.diagnostics.logging.SLF4JLogger [cluster-ClusterId{value='617b680150af0a1b5d023eb3', description='null'}-srv-olive.zxci7.mongodb.net] Adding discovered server olive-shard-00-02.zxci7.mongodb.net:27017 to client view of cluster
2021-10-29 11:18:26,443 INFO com.mongodb.diagnostics.logging.SLF4JLogger [cluster-ClusterId{value='617b680150af0a1b5d023eb3', description='null'}-olive-shard-00-01.zxci7.mongodb.net:27017] Opened connection [connectionId{localValue:1, serverValue:297718}] to olive-shard-00-01.zxci7.mongodb.net:27017
2021-10-29 11:18:26,443 INFO com.mongodb.diagnostics.logging.SLF4JLogger [cluster-ClusterId{value='617b680150af0a1b5d023eb3', description='null'}-olive-shard-00-00.zxci7.mongodb.net:27017] Opened connection [connectionId{localValue:2, serverValue:279954}] to olive-shard-00-00.zxci7.mongodb.net:27017
2021-10-29 11:18:26,443 INFO com.mongodb.diagnostics.logging.SLF4JLogger [cluster-ClusterId{value='617b680150af0a1b5d023eb3', description='null'}-olive-shard-00-02.zxci7.mongodb.net:27017] Opened connection [connectionId{localValue:6, serverValue:278377}] to olive-shard-00-02.zxci7.mongodb.net:27017
2021-10-29 11:18:26,443 INFO com.mongodb.diagnostics.logging.SLF4JLogger [cluster-rtt-ClusterId{value='617b680150af0a1b5d023eb3', description='null'}-olive-shard-00-00.zxci7.mongodb.net:27017] Opened connection [connectionId{localValue:5, serverValue:279954}] to olive-shard-00-00.zxci7.mongodb.net:27017
2021-10-29 11:18:26,443 INFO com.mongodb.diagnostics.logging.SLF4JLogger [cluster-rtt-ClusterId{value='617b680150af0a1b5d023eb3', description='null'}-olive-shard-00-02.zxci7.mongodb.net:27017] Opened connection [connectionId{localValue:4, serverValue:278373}] to olive-shard-00-02.zxci7.mongodb.net:27017
2021-10-29 11:18:26,443 INFO com.mongodb.diagnostics.logging.SLF4JLogger [cluster-rtt-ClusterId{value='617b680150af0a1b5d023eb3', description='null'}-olive-shard-00-01.zxci7.mongodb.net:27017] Opened connection [connectionId{localValue:3, serverValue:297739}] to olive-shard-00-01.zxci7.mongodb.net:27017
2021-10-29 11:18:26,447 INFO com.mongodb.diagnostics.logging.SLF4JLogger [cluster-ClusterId{value='617b680150af0a1b5d023eb3', description='null'}-olive-shard-00-02.zxci7.mongodb.net:27017] Monitor thread successfully connected to server with description ServerDescription{address=olive-shard-00-02.zxci7.mongodb.net:27017, type=REPLICA_SET_SECONDARY, state=CONNECTED, ok=true, minWireVersion=0, maxWireVersion=9, maxDocumentSize=16777216, logicalSessionTimeoutMinutes=30, roundTripTimeNanos=183797951, setName='atlas-ili6hr-shard-0', canonicalAddress=olive-shard-00-02.zxci7.mongodb.net:27017, hosts=[olive-shard-00-01.zxci7.mongodb.net:27017, olive-shard-00-02.zxci7.mongodb.net:27017, olive-shard-00-00.zxci7.mongodb.net:27017], passives=[], arbiters=[], primary='olive-shard-00-01.zxci7.mongodb.net:27017', tagSet=TagSet{[Tag{name='nodeType', value='ELECTABLE'}, Tag{name='provider', value='AWS'}, Tag{name='region', value='AP_SOUTHEAST_1'}, Tag{name='workloadType', value='OPERATIONAL'}]}, electionId=null, setVersion=7, topologyVersion=TopologyVersion{processId=616f0b22c1de6a5e2a14b6b0, counter=3}, lastWriteDate=Fri Oct 29 11:18:26 SGT 2021, lastUpdateTimeNanos=82805774512536}
2021-10-29 11:18:26,448 INFO com.mongodb.diagnostics.logging.SLF4JLogger [cluster-ClusterId{value='617b680150af0a1b5d023eb3', description='null'}-olive-shard-00-01.zxci7.mongodb.net:27017] Monitor thread successfully connected to server with description ServerDescription{address=olive-shard-00-01.zxci7.mongodb.net:27017, type=REPLICA_SET_PRIMARY, state=CONNECTED, ok=true, minWireVersion=0, maxWireVersion=9, maxDocumentSize=16777216, logicalSessionTimeoutMinutes=30, roundTripTimeNanos=183787369, setName='atlas-ili6hr-shard-0', canonicalAddress=olive-shard-00-01.zxci7.mongodb.net:27017, hosts=[olive-shard-00-01.zxci7.mongodb.net:27017, olive-shard-00-02.zxci7.mongodb.net:27017, olive-shard-00-00.zxci7.mongodb.net:27017], passives=[], arbiters=[], primary='olive-shard-00-01.zxci7.mongodb.net:27017', tagSet=TagSet{[Tag{name='nodeType', value='ELECTABLE'}, Tag{name='provider', value='AWS'}, Tag{name='region', value='AP_SOUTHEAST_1'}, Tag{name='workloadType', value='OPERATIONAL'}]}, electionId=7fffffff0000000000000069, setVersion=7, topologyVersion=TopologyVersion{processId=616f0abb17b424b8ba29f63e, counter=6}, lastWriteDate=Fri Oct 29 11:18:26 SGT 2021, lastUpdateTimeNanos=82805774494118}
2021-10-29 11:18:26,447 INFO com.mongodb.diagnostics.logging.SLF4JLogger [cluster-ClusterId{value='617b680150af0a1b5d023eb3', description='null'}-olive-shard-00-00.zxci7.mongodb.net:27017] Monitor thread successfully connected to server with description ServerDescription{address=olive-shard-00-00.zxci7.mongodb.net:27017, type=REPLICA_SET_SECONDARY, state=CONNECTED, ok=true, minWireVersion=0, maxWireVersion=9, maxDocumentSize=16777216, logicalSessionTimeoutMinutes=30, roundTripTimeNanos=183801431, setName='atlas-ili6hr-shard-0', canonicalAddress=olive-shard-00-00.zxci7.mongodb.net:27017, hosts=[olive-shard-00-01.zxci7.mongodb.net:27017, olive-shard-00-02.zxci7.mongodb.net:27017, olive-shard-00-00.zxci7.mongodb.net:27017], passives=[], arbiters=[], primary='olive-shard-00-01.zxci7.mongodb.net:27017', tagSet=TagSet{[Tag{name='nodeType', value='ELECTABLE'}, Tag{name='provider', value='AWS'}, Tag{name='region', value='AP_SOUTHEAST_1'}, Tag{name='workloadType', value='OPERATIONAL'}]}, electionId=null, setVersion=7, topologyVersion=TopologyVersion{processId=616f0aa4b6f298e710abbe8d, counter=4}, lastWriteDate=Fri Oct 29 11:18:26 SGT 2021, lastUpdateTimeNanos=82805774494270}
2021-10-29 11:18:26,452 INFO com.mongodb.diagnostics.logging.SLF4JLogger [cluster-ClusterId{value='617b680150af0a1b5d023eb3', description='null'}-olive-shard-00-01.zxci7.mongodb.net:27017] Setting max election id to 7fffffff0000000000000069 from replica set primary olive-shard-00-01.zxci7.mongodb.net:27017
2021-10-29 11:18:26,460 INFO com.mongodb.diagnostics.logging.SLF4JLogger [cluster-ClusterId{value='617b680150af0a1b5d023eb3', description='null'}-olive-shard-00-01.zxci7.mongodb.net:27017] Setting max set version to 7 from replica set primary olive-shard-00-01.zxci7.mongodb.net:27017
2021-10-29 11:18:26,461 INFO com.mongodb.diagnostics.logging.SLF4JLogger [cluster-ClusterId{value='617b680150af0a1b5d023eb3', description='null'}-olive-shard-00-01.zxci7.mongodb.net:27017] Discovered replica set primary olive-shard-00-01.zxci7.mongodb.net:27017
2021-10-29 11:18:26,493 INFO org.apache.juli.logging.DirectJDKLog [main] Starting ProtocolHandler ["http-nio-8080"]
2021-10-29 11:18:26,506 INFO org.springframework.boot.web.embedded.tomcat.TomcatWebServer [main] Tomcat started on port(s): 8080 (http) with context path ''
2021-10-29 11:18:26,516 INFO org.springframework.boot.StartupInfoLogger [main] Started OliveApplication in 2.424 seconds (JVM running for 2.779)
2021-10-29 11:18:29,982 INFO org.apache.juli.logging.DirectJDKLog [http-nio-8080-exec-1] Initializing Spring DispatcherServlet 'dispatcherServlet'
2021-10-29 11:18:29,982 INFO org.springframework.web.servlet.FrameworkServlet [http-nio-8080-exec-1] Initializing Servlet 'dispatcherServlet'
2021-10-29 11:18:29,983 INFO org.springframework.web.servlet.FrameworkServlet [http-nio-8080-exec-1] Completed initialization in 1 ms
2021-10-29 11:18:30,172 INFO com.mongodb.diagnostics.logging.SLF4JLogger [http-nio-8080-exec-1] Opened connection [connectionId{localValue:7, serverValue:297727}] to olive-shard-00-01.zxci7.mongodb.net:27017
2021-10-29 11:35:34,649 INFO com.mongodb.diagnostics.logging.SLF4JLogger [SpringApplicationShutdownHook] Closed connection [connectionId{localValue:7, serverValue:297727}] to olive-shard-00-01.zxci7.mongodb.net:27017 because the pool has been closed.
